The system is: Linux - 4.4.0-124-generic - x86_64
Compiling the C compiler identification source file "CMakeCCompilerId.c" succeeded.
Compiler: /home/muhd_azhari/sdk/sysroots/x86_64-oesdk-linux/usr/bin/arm-telechips-linux-gnueabi/arm-telechips-linux-gnueabi-gcc -march=armv7-a;-mfloat-abi=softfp;-mfpu=neon;-mtune=cortex-a7;--sysroot=/home/muhd_azhari/sdk/sysroots/cortexa7-vfp-neon-telechips-linux-gnueabi
Build flags: ;-O2;-pipe;-g;-feliminate-unused-debug-types
Id flags: 

The output was:
0


Compilation of the C compiler identification source "CMakeCCompilerId.c" produced "a.out"

The C compiler identification is GNU, found in "/home/muhd_azhari/azhari_task/PowerProcessorIPC/variant/variant_changer/build/CMakeFiles/3.5.1/CompilerIdC/a.out"

Compiling the CXX compiler identification source file "CMakeCXXCompilerId.cpp" succeeded.
Compiler: /home/muhd_azhari/sdk/sysroots/x86_64-oesdk-linux/usr/bin/arm-telechips-linux-gnueabi/arm-telechips-linux-gnueabi-g++ -march=armv7-a;-mfloat-abi=softfp;-mfpu=neon;-mtune=cortex-a7;--sysroot=/home/muhd_azhari/sdk/sysroots/cortexa7-vfp-neon-telechips-linux-gnueabi
Build flags: ;-O2;-pipe;-g;-feliminate-unused-debug-types
Id flags: 

The output was:
0


Compilation of the CXX compiler identification source "CMakeCXXCompilerId.cpp" produced "a.out"

The CXX compiler identification is GNU, found in "/home/muhd_azhari/azhari_task/PowerProcessorIPC/variant/variant_changer/build/CMakeFiles/3.5.1/CompilerIdCXX/a.out"

Determining if the C compiler works passed with the following output:
Change Dir: /home/muhd_azhari/azhari_task/PowerProcessorIPC/variant/variant_changer/build/CMakeFiles/CMakeTmp

Run Build Command:"/usr/bin/make" "cmTC_4aaee/fast"
/usr/bin/make -f CMakeFiles/cmTC_4aaee.dir/build.make CMakeFiles/cmTC_4aaee.dir/build
make[1]: Entering directory '/home/muhd_azhari/azhari_task/PowerProcessorIPC/variant/variant_changer/build/CMakeFiles/CMakeTmp'
Building C object CMakeFiles/cmTC_4aaee.dir/testCCompiler.c.o
/home/muhd_azhari/sdk/sysroots/x86_64-oesdk-linux/usr/bin/arm-telechips-linux-gnueabi/arm-telechips-linux-gnueabi-gcc   -march=armv7-a -mfloat-abi=softfp -mfpu=neon -mtune=cortex-a7 --sysroot=/home/muhd_azhari/sdk/sysroots/cortexa7-vfp-neon-telechips-linux-gnueabi   -O2 -pipe -g -feliminate-unused-debug-types     -o CMakeFiles/cmTC_4aaee.dir/testCCompiler.c.o   -c /home/muhd_azhari/azhari_task/PowerProcessorIPC/variant/variant_changer/build/CMakeFiles/CMakeTmp/testCCompiler.c
Linking C executable cmTC_4aaee
/usr/bin/cmake -E cmake_link_script CMakeFiles/cmTC_4aaee.dir/link.txt --verbose=1
/home/muhd_azhari/sdk/sysroots/x86_64-oesdk-linux/usr/bin/arm-telechips-linux-gnueabi/arm-telechips-linux-gnueabi-gcc   -march=armv7-a -mfloat-abi=softfp -mfpu=neon -mtune=cortex-a7 --sysroot=/home/muhd_azhari/sdk/sysroots/cortexa7-vfp-neon-telechips-linux-gnueabi  -O2 -pipe -g -feliminate-unused-debug-types     -Wl,-O1 -Wl,--hash-style=gnu -Wl,--as-needed  CMakeFiles/cmTC_4aaee.dir/testCCompiler.c.o  -o cmTC_4aaee -rdynamic 
make[1]: Leaving directory '/home/muhd_azhari/azhari_task/PowerProcessorIPC/variant/variant_changer/build/CMakeFiles/CMakeTmp'


Detecting C compiler ABI info compiled with the following output:
Change Dir: /home/muhd_azhari/azhari_task/PowerProcessorIPC/variant/variant_changer/build/CMakeFiles/CMakeTmp

Run Build Command:"/usr/bin/make" "cmTC_21dd3/fast"
/usr/bin/make -f CMakeFiles/cmTC_21dd3.dir/build.make CMakeFiles/cmTC_21dd3.dir/build
make[1]: Entering directory '/home/muhd_azhari/azhari_task/PowerProcessorIPC/variant/variant_changer/build/CMakeFiles/CMakeTmp'
Building C object CMakeFiles/cmTC_21dd3.dir/CMakeCCompilerABI.c.o
/home/muhd_azhari/sdk/sysroots/x86_64-oesdk-linux/usr/bin/arm-telechips-linux-gnueabi/arm-telechips-linux-gnueabi-gcc   -march=armv7-a -mfloat-abi=softfp -mfpu=neon -mtune=cortex-a7 --sysroot=/home/muhd_azhari/sdk/sysroots/cortexa7-vfp-neon-telechips-linux-gnueabi   -O2 -pipe -g -feliminate-unused-debug-types     -o CMakeFiles/cmTC_21dd3.dir/CMakeCCompilerABI.c.o   -c /usr/share/cmake-3.5/Modules/CMakeCCompilerABI.c
Linking C executable cmTC_21dd3
/usr/bin/cmake -E cmake_link_script CMakeFiles/cmTC_21dd3.dir/link.txt --verbose=1
/home/muhd_azhari/sdk/sysroots/x86_64-oesdk-linux/usr/bin/arm-telechips-linux-gnueabi/arm-telechips-linux-gnueabi-gcc   -march=armv7-a -mfloat-abi=softfp -mfpu=neon -mtune=cortex-a7 --sysroot=/home/muhd_azhari/sdk/sysroots/cortexa7-vfp-neon-telechips-linux-gnueabi  -O2 -pipe -g -feliminate-unused-debug-types     -Wl,-O1 -Wl,--hash-style=gnu -Wl,--as-needed -v CMakeFiles/cmTC_21dd3.dir/CMakeCCompilerABI.c.o  -o cmTC_21dd3 -rdynamic  
Using built-in specs.
COLLECT_GCC=/home/muhd_azhari/sdk/sysroots/x86_64-oesdk-linux/usr/bin/arm-telechips-linux-gnueabi/arm-telechips-linux-gnueabi-gcc
COLLECT_LTO_WRAPPER=/home/muhd_azhari/sdk/sysroots/x86_64-oesdk-linux/usr/bin/arm-telechips-linux-gnueabi/../../libexec/arm-telechips-linux-gnueabi/gcc/arm-telechips-linux-gnueabi/4.8.1/lto-wrapper
Target: arm-telechips-linux-gnueabi
Configured with: /var/lib/jenkins/workspace/tc-sdk/build/meowth/tmp/work-shared/gcc-4.8.1-r0/gcc-4.8.1/configure --build=x86_64-linux --host=x86_64-oesdk-linux --target=arm-telechips-linux-gnueabi --prefix=/usr/local/oecore-x86_64/sysroots/x86_64-oesdk-linux/usr --exec_prefix=/usr/local/oecore-x86_64/sysroots/x86_64-oesdk-linux/usr --bindir=/usr/local/oecore-x86_64/sysroots/x86_64-oesdk-linux/usr/bin/arm-telechips-linux-gnueabi --sbindir=/usr/local/oecore-x86_64/sysroots/x86_64-oesdk-linux/usr/bin/arm-telechips-linux-gnueabi --libexecdir=/usr/local/oecore-x86_64/sysroots/x86_64-oesdk-linux/usr/libexec/arm-telechips-linux-gnueabi --datadir=/usr/local/oecore-x86_64/sysroots/x86_64-oesdk-linux/usr/share --sysconfdir=/usr/local/oecore-x86_64/sysroots/x86_64-oesdk-linux/etc --sharedstatedir=/usr/local/oecore-x86_64/sysroots/x86_64-oesdk-linux/com --localstatedir=/usr/local/oecore-x86_64/sysroots/x86_64-oesdk-linux/var --libdir=/usr/local/oecore-x86_64/sysroots/x86_64-oesdk-linux/usr/lib/arm-telechips-linux-gnueabi --includedir=/usr/local/oecore-x86_64/sysroots/x86_64-oesdk-linux/usr/include --oldincludedir=/usr/local/oecore-x86_64/sysroots/x86_64-oesdk-linux/usr/include --infodir=/usr/local/oecore-x86_64/sysroots/x86_64-oesdk-linux/usr/share/info --mandir=/usr/local/oecore-x86_64/sysroots/x86_64-oesdk-linux/usr/share/man --disable-silent-rules --disable-dependency-tracking --with-libtool-sysroot=/var/lib/jenkins/workspace/tc-sdk/build/meowth/tmp/sysroots/x86_64-nativesdk-oesdk-linux --with-gnu-ld --enable-shared --enable-languages=c,c++ --enable-threads=posix --enable-multilib --enable-c99 --enable-long-long --enable-symvers=gnu --enable-libstdcxx-pch --program-prefix=arm-telechips-linux-gnueabi- --without-local-prefix --enable-target-optspace --enable-lto --enable-libssp --disable-bootstrap --disable-libmudflap --with-system-zlib --with-linker-hash-style=gnu --enable-linker-build-id --with-ppl=no --with-cloog=no --enable-checking=release --enable-cheaders=c_global --with-gxx-include-dir=/not/exist/usr/include/c++/4.8.1 --with-build-time-tools=/var/lib/jenkins/workspace/tc-sdk/build/meowth/tmp/sysroots/x86_64-linux/usr/arm-telechips-linux-gnueabi/bin --with-sysroot=/not/exist --with-build-sysroot=/var/lib/jenkins/workspace/tc-sdk/build/meowth/tmp/sysroots/tcc8971-meowth --enable-poison-system-directories --with-mpfr=/var/lib/jenkins/workspace/tc-sdk/build/meowth/tmp/sysroots/x86_64-nativesdk-oesdk-linux --with-mpc=/var/lib/jenkins/workspace/tc-sdk/build/meowth/tmp/sysroots/x86_64-nativesdk-oesdk-linux --enable-nls --with-arch=armv7-a
Thread model: posix
gcc version 4.8.1 (GCC) 
COMPILER_PATH=/home/muhd_azhari/sdk/sysroots/x86_64-oesdk-linux/usr/bin/arm-telechips-linux-gnueabi/../../libexec/arm-telechips-linux-gnueabi/gcc/arm-telechips-linux-gnueabi/4.8.1/:/home/muhd_azhari/sdk/sysroots/x86_64-oesdk-linux/usr/bin/arm-telechips-linux-gnueabi/../../libexec/arm-telechips-linux-gnueabi/gcc/
LIBRARY_PATH=/home/muhd_azhari/sdk/sysroots/x86_64-oesdk-linux/usr/bin/arm-telechips-linux-gnueabi/../../lib/arm-telechips-linux-gnueabi/gcc/arm-telechips-linux-gnueabi/4.8.1/:/home/muhd_azhari/sdk/sysroots/x86_64-oesdk-linux/usr/bin/arm-telechips-linux-gnueabi/../../lib/arm-telechips-linux-gnueabi/gcc/:/home/muhd_azhari/sdk/sysroots/cortexa7-vfp-neon-telechips-linux-gnueabi/lib/:/home/muhd_azhari/sdk/sysroots/cortexa7-vfp-neon-telechips-linux-gnueabi/usr/lib/arm-telechips-linux-gnueabi/4.8.1/:/home/muhd_azhari/sdk/sysroots/cortexa7-vfp-neon-telechips-linux-gnueabi/usr/lib/
COLLECT_GCC_OPTIONS='--sysroot=/home/muhd_azhari/sdk/sysroots/cortexa7-vfp-neon-telechips-linux-gnueabi' '-march=armv7-a' '-mfloat-abi=softfp' '-mfpu=neon' '-mtune=cortex-a7' '-O2' '-pipe' '-g' '-feliminate-unused-debug-types' '-v' '-o' 'cmTC_21dd3' '-rdynamic' '-mtls-dialect=gnu'
 /home/muhd_azhari/sdk/sysroots/x86_64-oesdk-linux/usr/bin/arm-telechips-linux-gnueabi/../../libexec/arm-telechips-linux-gnueabi/gcc/arm-telechips-linux-gnueabi/4.8.1/collect2 --sysroot=/home/muhd_azhari/sdk/sysroots/cortexa7-vfp-neon-telechips-linux-gnueabi --build-id --eh-frame-hdr --hash-style=gnu -export-dynamic -dynamic-linker /lib/ld-linux.so.3 -X -m armelf_linux_eabi -o cmTC_21dd3 /home/muhd_azhari/sdk/sysroots/cortexa7-vfp-neon-telechips-linux-gnueabi/usr/lib/crt1.o /home/muhd_azhari/sdk/sysroots/cortexa7-vfp-neon-telechips-linux-gnueabi/usr/lib/crti.o /home/muhd_azhari/sdk/sysroots/cortexa7-vfp-neon-telechips-linux-gnueabi/usr/lib/arm-telechips-linux-gnueabi/4.8.1/crtbegin.o -L/home/muhd_azhari/sdk/sysroots/x86_64-oesdk-linux/usr/bin/arm-telechips-linux-gnueabi/../../lib/arm-telechips-linux-gnueabi/gcc/arm-telechips-linux-gnueabi/4.8.1 -L/home/muhd_azhari/sdk/sysroots/x86_64-oesdk-linux/usr/bin/arm-telechips-linux-gnueabi/../../lib/arm-telechips-linux-gnueabi/gcc -L/home/muhd_azhari/sdk/sysroots/cortexa7-vfp-neon-telechips-linux-gnueabi/lib -L/home/muhd_azhari/sdk/sysroots/cortexa7-vfp-neon-telechips-linux-gnueabi/usr/lib/arm-telechips-linux-gnueabi/4.8.1 -L/home/muhd_azhari/sdk/sysroots/cortexa7-vfp-neon-telechips-linux-gnueabi/usr/lib -O1 --hash-style=gnu --as-needed CMakeFiles/cmTC_21dd3.dir/CMakeCCompilerABI.c.o -lgcc --as-needed -lgcc_s --no-as-needed -lc -lgcc --as-needed -lgcc_s --no-as-needed /home/muhd_azhari/sdk/sysroots/cortexa7-vfp-neon-telechips-linux-gnueabi/usr/lib/arm-telechips-linux-gnueabi/4.8.1/crtend.o /home/muhd_azhari/sdk/sysroots/cortexa7-vfp-neon-telechips-linux-gnueabi/usr/lib/crtn.o
make[1]: Leaving directory '/home/muhd_azhari/azhari_task/PowerProcessorIPC/variant/variant_changer/build/CMakeFiles/CMakeTmp'


Parsed C implicit link information from above output:
  link line regex: [^( *|.*[/\])(ld|([^/\]+-)?ld|collect2)[^/\]*( |$)]
  ignore line: [Change Dir: /home/muhd_azhari/azhari_task/PowerProcessorIPC/variant/variant_changer/build/CMakeFiles/CMakeTmp]
  ignore line: []
  ignore line: [Run Build Command:"/usr/bin/make" "cmTC_21dd3/fast"]
  ignore line: [/usr/bin/make -f CMakeFiles/cmTC_21dd3.dir/build.make CMakeFiles/cmTC_21dd3.dir/build]
  ignore line: [make[1]: Entering directory '/home/muhd_azhari/azhari_task/PowerProcessorIPC/variant/variant_changer/build/CMakeFiles/CMakeTmp']
  ignore line: [Building C object CMakeFiles/cmTC_21dd3.dir/CMakeCCompilerABI.c.o]
  ignore line: [/home/muhd_azhari/sdk/sysroots/x86_64-oesdk-linux/usr/bin/arm-telechips-linux-gnueabi/arm-telechips-linux-gnueabi-gcc   -march=armv7-a -mfloat-abi=softfp -mfpu=neon -mtune=cortex-a7 --sysroot=/home/muhd_azhari/sdk/sysroots/cortexa7-vfp-neon-telechips-linux-gnueabi   -O2 -pipe -g -feliminate-unused-debug-types     -o CMakeFiles/cmTC_21dd3.dir/CMakeCCompilerABI.c.o   -c /usr/share/cmake-3.5/Modules/CMakeCCompilerABI.c]
  ignore line: [Linking C executable cmTC_21dd3]
  ignore line: [/usr/bin/cmake -E cmake_link_script CMakeFiles/cmTC_21dd3.dir/link.txt --verbose=1]
  ignore line: [/home/muhd_azhari/sdk/sysroots/x86_64-oesdk-linux/usr/bin/arm-telechips-linux-gnueabi/arm-telechips-linux-gnueabi-gcc   -march=armv7-a -mfloat-abi=softfp -mfpu=neon -mtune=cortex-a7 --sysroot=/home/muhd_azhari/sdk/sysroots/cortexa7-vfp-neon-telechips-linux-gnueabi  -O2 -pipe -g -feliminate-unused-debug-types     -Wl,-O1 -Wl,--hash-style=gnu -Wl,--as-needed -v CMakeFiles/cmTC_21dd3.dir/CMakeCCompilerABI.c.o  -o cmTC_21dd3 -rdynamic  ]
  ignore line: [Using built-in specs.]
  ignore line: [COLLECT_GCC=/home/muhd_azhari/sdk/sysroots/x86_64-oesdk-linux/usr/bin/arm-telechips-linux-gnueabi/arm-telechips-linux-gnueabi-gcc]
  ignore line: [COLLECT_LTO_WRAPPER=/home/muhd_azhari/sdk/sysroots/x86_64-oesdk-linux/usr/bin/arm-telechips-linux-gnueabi/../../libexec/arm-telechips-linux-gnueabi/gcc/arm-telechips-linux-gnueabi/4.8.1/lto-wrapper]
  ignore line: [Target: arm-telechips-linux-gnueabi]
  ignore line: [Configured with: /var/lib/jenkins/workspace/tc-sdk/build/meowth/tmp/work-shared/gcc-4.8.1-r0/gcc-4.8.1/configure --build=x86_64-linux --host=x86_64-oesdk-linux --target=arm-telechips-linux-gnueabi --prefix=/usr/local/oecore-x86_64/sysroots/x86_64-oesdk-linux/usr --exec_prefix=/usr/local/oecore-x86_64/sysroots/x86_64-oesdk-linux/usr --bindir=/usr/local/oecore-x86_64/sysroots/x86_64-oesdk-linux/usr/bin/arm-telechips-linux-gnueabi --sbindir=/usr/local/oecore-x86_64/sysroots/x86_64-oesdk-linux/usr/bin/arm-telechips-linux-gnueabi --libexecdir=/usr/local/oecore-x86_64/sysroots/x86_64-oesdk-linux/usr/libexec/arm-telechips-linux-gnueabi --datadir=/usr/local/oecore-x86_64/sysroots/x86_64-oesdk-linux/usr/share --sysconfdir=/usr/local/oecore-x86_64/sysroots/x86_64-oesdk-linux/etc --sharedstatedir=/usr/local/oecore-x86_64/sysroots/x86_64-oesdk-linux/com --localstatedir=/usr/local/oecore-x86_64/sysroots/x86_64-oesdk-linux/var --libdir=/usr/local/oecore-x86_64/sysroots/x86_64-oesdk-linux/usr/lib/arm-telechips-linux-gnueabi --includedir=/usr/local/oecore-x86_64/sysroots/x86_64-oesdk-linux/usr/include --oldincludedir=/usr/local/oecore-x86_64/sysroots/x86_64-oesdk-linux/usr/include --infodir=/usr/local/oecore-x86_64/sysroots/x86_64-oesdk-linux/usr/share/info --mandir=/usr/local/oecore-x86_64/sysroots/x86_64-oesdk-linux/usr/share/man --disable-silent-rules --disable-dependency-tracking --with-libtool-sysroot=/var/lib/jenkins/workspace/tc-sdk/build/meowth/tmp/sysroots/x86_64-nativesdk-oesdk-linux --with-gnu-ld --enable-shared --enable-languages=c,c++ --enable-threads=posix --enable-multilib --enable-c99 --enable-long-long --enable-symvers=gnu --enable-libstdcxx-pch --program-prefix=arm-telechips-linux-gnueabi- --without-local-prefix --enable-target-optspace --enable-lto --enable-libssp --disable-bootstrap --disable-libmudflap --with-system-zlib --with-linker-hash-style=gnu --enable-linker-build-id --with-ppl=no --with-cloog=no --enable-checking=release --enable-cheaders=c_global --with-gxx-include-dir=/not/exist/usr/include/c++/4.8.1 --with-build-time-tools=/var/lib/jenkins/workspace/tc-sdk/build/meowth/tmp/sysroots/x86_64-linux/usr/arm-telechips-linux-gnueabi/bin --with-sysroot=/not/exist --with-build-sysroot=/var/lib/jenkins/workspace/tc-sdk/build/meowth/tmp/sysroots/tcc8971-meowth --enable-poison-system-directories --with-mpfr=/var/lib/jenkins/workspace/tc-sdk/build/meowth/tmp/sysroots/x86_64-nativesdk-oesdk-linux --with-mpc=/var/lib/jenkins/workspace/tc-sdk/build/meowth/tmp/sysroots/x86_64-nativesdk-oesdk-linux --enable-nls --with-arch=armv7-a]
  ignore line: [Thread model: posix]
  ignore line: [gcc version 4.8.1 (GCC) ]
  ignore line: [COMPILER_PATH=/home/muhd_azhari/sdk/sysroots/x86_64-oesdk-linux/usr/bin/arm-telechips-linux-gnueabi/../../libexec/arm-telechips-linux-gnueabi/gcc/arm-telechips-linux-gnueabi/4.8.1/:/home/muhd_azhari/sdk/sysroots/x86_64-oesdk-linux/usr/bin/arm-telechips-linux-gnueabi/../../libexec/arm-telechips-linux-gnueabi/gcc/]
  ignore line: [LIBRARY_PATH=/home/muhd_azhari/sdk/sysroots/x86_64-oesdk-linux/usr/bin/arm-telechips-linux-gnueabi/../../lib/arm-telechips-linux-gnueabi/gcc/arm-telechips-linux-gnueabi/4.8.1/:/home/muhd_azhari/sdk/sysroots/x86_64-oesdk-linux/usr/bin/arm-telechips-linux-gnueabi/../../lib/arm-telechips-linux-gnueabi/gcc/:/home/muhd_azhari/sdk/sysroots/cortexa7-vfp-neon-telechips-linux-gnueabi/lib/:/home/muhd_azhari/sdk/sysroots/cortexa7-vfp-neon-telechips-linux-gnueabi/usr/lib/arm-telechips-linux-gnueabi/4.8.1/:/home/muhd_azhari/sdk/sysroots/cortexa7-vfp-neon-telechips-linux-gnueabi/usr/lib/]
  ignore line: [COLLECT_GCC_OPTIONS='--sysroot=/home/muhd_azhari/sdk/sysroots/cortexa7-vfp-neon-telechips-linux-gnueabi' '-march=armv7-a' '-mfloat-abi=softfp' '-mfpu=neon' '-mtune=cortex-a7' '-O2' '-pipe' '-g' '-feliminate-unused-debug-types' '-v' '-o' 'cmTC_21dd3' '-rdynamic' '-mtls-dialect=gnu']
  link line: [ /home/muhd_azhari/sdk/sysroots/x86_64-oesdk-linux/usr/bin/arm-telechips-linux-gnueabi/../../libexec/arm-telechips-linux-gnueabi/gcc/arm-telechips-linux-gnueabi/4.8.1/collect2 --sysroot=/home/muhd_azhari/sdk/sysroots/cortexa7-vfp-neon-telechips-linux-gnueabi --build-id --eh-frame-hdr --hash-style=gnu -export-dynamic -dynamic-linker /lib/ld-linux.so.3 -X -m armelf_linux_eabi -o cmTC_21dd3 /home/muhd_azhari/sdk/sysroots/cortexa7-vfp-neon-telechips-linux-gnueabi/usr/lib/crt1.o /home/muhd_azhari/sdk/sysroots/cortexa7-vfp-neon-telechips-linux-gnueabi/usr/lib/crti.o /home/muhd_azhari/sdk/sysroots/cortexa7-vfp-neon-telechips-linux-gnueabi/usr/lib/arm-telechips-linux-gnueabi/4.8.1/crtbegin.o -L/home/muhd_azhari/sdk/sysroots/x86_64-oesdk-linux/usr/bin/arm-telechips-linux-gnueabi/../../lib/arm-telechips-linux-gnueabi/gcc/arm-telechips-linux-gnueabi/4.8.1 -L/home/muhd_azhari/sdk/sysroots/x86_64-oesdk-linux/usr/bin/arm-telechips-linux-gnueabi/../../lib/arm-telechips-linux-gnueabi/gcc -L/home/muhd_azhari/sdk/sysroots/cortexa7-vfp-neon-telechips-linux-gnueabi/lib -L/home/muhd_azhari/sdk/sysroots/cortexa7-vfp-neon-telechips-linux-gnueabi/usr/lib/arm-telechips-linux-gnueabi/4.8.1 -L/home/muhd_azhari/sdk/sysroots/cortexa7-vfp-neon-telechips-linux-gnueabi/usr/lib -O1 --hash-style=gnu --as-needed CMakeFiles/cmTC_21dd3.dir/CMakeCCompilerABI.c.o -lgcc --as-needed -lgcc_s --no-as-needed -lc -lgcc --as-needed -lgcc_s --no-as-needed /home/muhd_azhari/sdk/sysroots/cortexa7-vfp-neon-telechips-linux-gnueabi/usr/lib/arm-telechips-linux-gnueabi/4.8.1/crtend.o /home/muhd_azhari/sdk/sysroots/cortexa7-vfp-neon-telechips-linux-gnueabi/usr/lib/crtn.o]
    arg [/home/muhd_azhari/sdk/sysroots/x86_64-oesdk-linux/usr/bin/arm-telechips-linux-gnueabi/../../libexec/arm-telechips-linux-gnueabi/gcc/arm-telechips-linux-gnueabi/4.8.1/collect2] ==> ignore
    arg [--sysroot=/home/muhd_azhari/sdk/sysroots/cortexa7-vfp-neon-telechips-linux-gnueabi] ==> ignore
    arg [--build-id] ==> ignore
    arg [--eh-frame-hdr] ==> ignore
    arg [--hash-style=gnu] ==> ignore
    arg [-export-dynamic] ==> ignore
    arg [-dynamic-linker] ==> ignore
    arg [/lib/ld-linux.so.3] ==> ignore
    arg [-X] ==> ignore
    arg [-m] ==> ignore
    arg [armelf_linux_eabi] ==> ignore
    arg [-o] ==> ignore
    arg [cmTC_21dd3] ==> ignore
    arg [/home/muhd_azhari/sdk/sysroots/cortexa7-vfp-neon-telechips-linux-gnueabi/usr/lib/crt1.o] ==> ignore
    arg [/home/muhd_azhari/sdk/sysroots/cortexa7-vfp-neon-telechips-linux-gnueabi/usr/lib/crti.o] ==> ignore
    arg [/home/muhd_azhari/sdk/sysroots/cortexa7-vfp-neon-telechips-linux-gnueabi/usr/lib/arm-telechips-linux-gnueabi/4.8.1/crtbegin.o] ==> ignore
    arg [-L/home/muhd_azhari/sdk/sysroots/x86_64-oesdk-linux/usr/bin/arm-telechips-linux-gnueabi/../../lib/arm-telechips-linux-gnueabi/gcc/arm-telechips-linux-gnueabi/4.8.1] ==> dir [/home/muhd_azhari/sdk/sysroots/x86_64-oesdk-linux/usr/bin/arm-telechips-linux-gnueabi/../../lib/arm-telechips-linux-gnueabi/gcc/arm-telechips-linux-gnueabi/4.8.1]
    arg [-L/home/muhd_azhari/sdk/sysroots/x86_64-oesdk-linux/usr/bin/arm-telechips-linux-gnueabi/../../lib/arm-telechips-linux-gnueabi/gcc] ==> dir [/home/muhd_azhari/sdk/sysroots/x86_64-oesdk-linux/usr/bin/arm-telechips-linux-gnueabi/../../lib/arm-telechips-linux-gnueabi/gcc]
    arg [-L/home/muhd_azhari/sdk/sysroots/cortexa7-vfp-neon-telechips-linux-gnueabi/lib] ==> dir [/home/muhd_azhari/sdk/sysroots/cortexa7-vfp-neon-telechips-linux-gnueabi/lib]
    arg [-L/home/muhd_azhari/sdk/sysroots/cortexa7-vfp-neon-telechips-linux-gnueabi/usr/lib/arm-telechips-linux-gnueabi/4.8.1] ==> dir [/home/muhd_azhari/sdk/sysroots/cortexa7-vfp-neon-telechips-linux-gnueabi/usr/lib/arm-telechips-linux-gnueabi/4.8.1]
    arg [-L/home/muhd_azhari/sdk/sysroots/cortexa7-vfp-neon-telechips-linux-gnueabi/usr/lib] ==> dir [/home/muhd_azhari/sdk/sysroots/cortexa7-vfp-neon-telechips-linux-gnueabi/usr/lib]
    arg [-O1] ==> ignore
    arg [--hash-style=gnu] ==> ignore
    arg [--as-needed] ==> ignore
    arg [CMakeFiles/cmTC_21dd3.dir/CMakeCCompilerABI.c.o] ==> ignore
    arg [-lgcc] ==> lib [gcc]
    arg [--as-needed] ==> ignore
    arg [-lgcc_s] ==> lib [gcc_s]
    arg [--no-as-needed] ==> ignore
    arg [-lc] ==> lib [c]
    arg [-lgcc] ==> lib [gcc]
    arg [--as-needed] ==> ignore
    arg [-lgcc_s] ==> lib [gcc_s]
    arg [--no-as-needed] ==> ignore
    arg [/home/muhd_azhari/sdk/sysroots/cortexa7-vfp-neon-telechips-linux-gnueabi/usr/lib/arm-telechips-linux-gnueabi/4.8.1/crtend.o] ==> ignore
    arg [/home/muhd_azhari/sdk/sysroots/cortexa7-vfp-neon-telechips-linux-gnueabi/usr/lib/crtn.o] ==> ignore
  remove lib [gcc]
  remove lib [gcc_s]
  remove lib [gcc]
  remove lib [gcc_s]
  collapse library dir [/home/muhd_azhari/sdk/sysroots/x86_64-oesdk-linux/usr/bin/arm-telechips-linux-gnueabi/../../lib/arm-telechips-linux-gnueabi/gcc/arm-telechips-linux-gnueabi/4.8.1] ==> [/home/muhd_azhari/sdk/sysroots/x86_64-oesdk-linux/usr/lib/arm-telechips-linux-gnueabi/gcc/arm-telechips-linux-gnueabi/4.8.1]
  collapse library dir [/home/muhd_azhari/sdk/sysroots/x86_64-oesdk-linux/usr/bin/arm-telechips-linux-gnueabi/../../lib/arm-telechips-linux-gnueabi/gcc] ==> [/home/muhd_azhari/sdk/sysroots/x86_64-oesdk-linux/usr/lib/arm-telechips-linux-gnueabi/gcc]
  collapse library dir [/home/muhd_azhari/sdk/sysroots/cortexa7-vfp-neon-telechips-linux-gnueabi/lib] ==> [/home/muhd_azhari/sdk/sysroots/cortexa7-vfp-neon-telechips-linux-gnueabi/lib]
  collapse library dir [/home/muhd_azhari/sdk/sysroots/cortexa7-vfp-neon-telechips-linux-gnueabi/usr/lib/arm-telechips-linux-gnueabi/4.8.1] ==> [/home/muhd_azhari/sdk/sysroots/cortexa7-vfp-neon-telechips-linux-gnueabi/usr/lib/arm-telechips-linux-gnueabi/4.8.1]
  collapse library dir [/home/muhd_azhari/sdk/sysroots/cortexa7-vfp-neon-telechips-linux-gnueabi/usr/lib] ==> [/home/muhd_azhari/sdk/sysroots/cortexa7-vfp-neon-telechips-linux-gnueabi/usr/lib]
  implicit libs: [c]
  implicit dirs: [/home/muhd_azhari/sdk/sysroots/x86_64-oesdk-linux/usr/lib/arm-telechips-linux-gnueabi/gcc/arm-telechips-linux-gnueabi/4.8.1;/home/muhd_azhari/sdk/sysroots/x86_64-oesdk-linux/usr/lib/arm-telechips-linux-gnueabi/gcc;/home/muhd_azhari/sdk/sysroots/cortexa7-vfp-neon-telechips-linux-gnueabi/lib;/home/muhd_azhari/sdk/sysroots/cortexa7-vfp-neon-telechips-linux-gnueabi/usr/lib/arm-telechips-linux-gnueabi/4.8.1;/home/muhd_azhari/sdk/sysroots/cortexa7-vfp-neon-telechips-linux-gnueabi/usr/lib]
  implicit fwks: []




Detecting C [-std=c11] compiler features compiled with the following output:
Change Dir: /home/muhd_azhari/azhari_task/PowerProcessorIPC/variant/variant_changer/build/CMakeFiles/CMakeTmp

Run Build Command:"/usr/bin/make" "cmTC_c3e02/fast"
/usr/bin/make -f CMakeFiles/cmTC_c3e02.dir/build.make CMakeFiles/cmTC_c3e02.dir/build
make[1]: Entering directory '/home/muhd_azhari/azhari_task/PowerProcessorIPC/variant/variant_changer/build/CMakeFiles/CMakeTmp'
Building C object CMakeFiles/cmTC_c3e02.dir/feature_tests.c.o
/home/muhd_azhari/sdk/sysroots/x86_64-oesdk-linux/usr/bin/arm-telechips-linux-gnueabi/arm-telechips-linux-gnueabi-gcc   -march=armv7-a -mfloat-abi=softfp -mfpu=neon -mtune=cortex-a7 --sysroot=/home/muhd_azhari/sdk/sysroots/cortexa7-vfp-neon-telechips-linux-gnueabi   -O2 -pipe -g -feliminate-unused-debug-types     -std=c11 -o CMakeFiles/cmTC_c3e02.dir/feature_tests.c.o   -c /home/muhd_azhari/azhari_task/PowerProcessorIPC/variant/variant_changer/build/CMakeFiles/feature_tests.c
Linking C executable cmTC_c3e02
/usr/bin/cmake -E cmake_link_script CMakeFiles/cmTC_c3e02.dir/link.txt --verbose=1
/home/muhd_azhari/sdk/sysroots/x86_64-oesdk-linux/usr/bin/arm-telechips-linux-gnueabi/arm-telechips-linux-gnueabi-gcc   -march=armv7-a -mfloat-abi=softfp -mfpu=neon -mtune=cortex-a7 --sysroot=/home/muhd_azhari/sdk/sysroots/cortexa7-vfp-neon-telechips-linux-gnueabi  -O2 -pipe -g -feliminate-unused-debug-types     -Wl,-O1 -Wl,--hash-style=gnu -Wl,--as-needed  CMakeFiles/cmTC_c3e02.dir/feature_tests.c.o  -o cmTC_c3e02 -rdynamic 
make[1]: Leaving directory '/home/muhd_azhari/azhari_task/PowerProcessorIPC/variant/variant_changer/build/CMakeFiles/CMakeTmp'


    Feature record: C_FEATURE:1c_function_prototypes
    Feature record: C_FEATURE:1c_restrict
    Feature record: C_FEATURE:1c_static_assert
    Feature record: C_FEATURE:1c_variadic_macros


Detecting C [-std=c99] compiler features compiled with the following output:
Change Dir: /home/muhd_azhari/azhari_task/PowerProcessorIPC/variant/variant_changer/build/CMakeFiles/CMakeTmp

Run Build Command:"/usr/bin/make" "cmTC_c7dc6/fast"
/usr/bin/make -f CMakeFiles/cmTC_c7dc6.dir/build.make CMakeFiles/cmTC_c7dc6.dir/build
make[1]: Entering directory '/home/muhd_azhari/azhari_task/PowerProcessorIPC/variant/variant_changer/build/CMakeFiles/CMakeTmp'
Building C object CMakeFiles/cmTC_c7dc6.dir/feature_tests.c.o
/home/muhd_azhari/sdk/sysroots/x86_64-oesdk-linux/usr/bin/arm-telechips-linux-gnueabi/arm-telechips-linux-gnueabi-gcc   -march=armv7-a -mfloat-abi=softfp -mfpu=neon -mtune=cortex-a7 --sysroot=/home/muhd_azhari/sdk/sysroots/cortexa7-vfp-neon-telechips-linux-gnueabi   -O2 -pipe -g -feliminate-unused-debug-types     -std=c99 -o CMakeFiles/cmTC_c7dc6.dir/feature_tests.c.o   -c /home/muhd_azhari/azhari_task/PowerProcessorIPC/variant/variant_changer/build/CMakeFiles/feature_tests.c
Linking C executable cmTC_c7dc6
/usr/bin/cmake -E cmake_link_script CMakeFiles/cmTC_c7dc6.dir/link.txt --verbose=1
/home/muhd_azhari/sdk/sysroots/x86_64-oesdk-linux/usr/bin/arm-telechips-linux-gnueabi/arm-telechips-linux-gnueabi-gcc   -march=armv7-a -mfloat-abi=softfp -mfpu=neon -mtune=cortex-a7 --sysroot=/home/muhd_azhari/sdk/sysroots/cortexa7-vfp-neon-telechips-linux-gnueabi  -O2 -pipe -g -feliminate-unused-debug-types     -Wl,-O1 -Wl,--hash-style=gnu -Wl,--as-needed  CMakeFiles/cmTC_c7dc6.dir/feature_tests.c.o  -o cmTC_c7dc6 -rdynamic 
make[1]: Leaving directory '/home/muhd_azhari/azhari_task/PowerProcessorIPC/variant/variant_changer/build/CMakeFiles/CMakeTmp'


    Feature record: C_FEATURE:1c_function_prototypes
    Feature record: C_FEATURE:1c_restrict
    Feature record: C_FEATURE:0c_static_assert
    Feature record: C_FEATURE:1c_variadic_macros


Detecting C [-std=c90] compiler features compiled with the following output:
Change Dir: /home/muhd_azhari/azhari_task/PowerProcessorIPC/variant/variant_changer/build/CMakeFiles/CMakeTmp

Run Build Command:"/usr/bin/make" "cmTC_4dd9a/fast"
/usr/bin/make -f CMakeFiles/cmTC_4dd9a.dir/build.make CMakeFiles/cmTC_4dd9a.dir/build
make[1]: Entering directory '/home/muhd_azhari/azhari_task/PowerProcessorIPC/variant/variant_changer/build/CMakeFiles/CMakeTmp'
Building C object CMakeFiles/cmTC_4dd9a.dir/feature_tests.c.o
/home/muhd_azhari/sdk/sysroots/x86_64-oesdk-linux/usr/bin/arm-telechips-linux-gnueabi/arm-telechips-linux-gnueabi-gcc   -march=armv7-a -mfloat-abi=softfp -mfpu=neon -mtune=cortex-a7 --sysroot=/home/muhd_azhari/sdk/sysroots/cortexa7-vfp-neon-telechips-linux-gnueabi   -O2 -pipe -g -feliminate-unused-debug-types     -std=c90 -o CMakeFiles/cmTC_4dd9a.dir/feature_tests.c.o   -c /home/muhd_azhari/azhari_task/PowerProcessorIPC/variant/variant_changer/build/CMakeFiles/feature_tests.c
Linking C executable cmTC_4dd9a
/usr/bin/cmake -E cmake_link_script CMakeFiles/cmTC_4dd9a.dir/link.txt --verbose=1
/home/muhd_azhari/sdk/sysroots/x86_64-oesdk-linux/usr/bin/arm-telechips-linux-gnueabi/arm-telechips-linux-gnueabi-gcc   -march=armv7-a -mfloat-abi=softfp -mfpu=neon -mtune=cortex-a7 --sysroot=/home/muhd_azhari/sdk/sysroots/cortexa7-vfp-neon-telechips-linux-gnueabi  -O2 -pipe -g -feliminate-unused-debug-types     -Wl,-O1 -Wl,--hash-style=gnu -Wl,--as-needed  CMakeFiles/cmTC_4dd9a.dir/feature_tests.c.o  -o cmTC_4dd9a -rdynamic 
make[1]: Leaving directory '/home/muhd_azhari/azhari_task/PowerProcessorIPC/variant/variant_changer/build/CMakeFiles/CMakeTmp'


    Feature record: C_FEATURE:1c_function_prototypes
    Feature record: C_FEATURE:0c_restrict
    Feature record: C_FEATURE:0c_static_assert
    Feature record: C_FEATURE:0c_variadic_macros
Determining if the CXX compiler works passed with the following output:
Change Dir: /home/muhd_azhari/azhari_task/PowerProcessorIPC/variant/variant_changer/build/CMakeFiles/CMakeTmp

Run Build Command:"/usr/bin/make" "cmTC_f88cc/fast"
/usr/bin/make -f CMakeFiles/cmTC_f88cc.dir/build.make CMakeFiles/cmTC_f88cc.dir/build
make[1]: Entering directory '/home/muhd_azhari/azhari_task/PowerProcessorIPC/variant/variant_changer/build/CMakeFiles/CMakeTmp'
Building CXX object CMakeFiles/cmTC_f88cc.dir/testCXXCompiler.cxx.o
/home/muhd_azhari/sdk/sysroots/x86_64-oesdk-linux/usr/bin/arm-telechips-linux-gnueabi/arm-telechips-linux-gnueabi-g++   -march=armv7-a -mfloat-abi=softfp -mfpu=neon -mtune=cortex-a7 --sysroot=/home/muhd_azhari/sdk/sysroots/cortexa7-vfp-neon-telechips-linux-gnueabi    -O2 -pipe -g -feliminate-unused-debug-types     -o CMakeFiles/cmTC_f88cc.dir/testCXXCompiler.cxx.o -c /home/muhd_azhari/azhari_task/PowerProcessorIPC/variant/variant_changer/build/CMakeFiles/CMakeTmp/testCXXCompiler.cxx
Linking CXX executable cmTC_f88cc
/usr/bin/cmake -E cmake_link_script CMakeFiles/cmTC_f88cc.dir/link.txt --verbose=1
/home/muhd_azhari/sdk/sysroots/x86_64-oesdk-linux/usr/bin/arm-telechips-linux-gnueabi/arm-telechips-linux-gnueabi-g++   -march=armv7-a -mfloat-abi=softfp -mfpu=neon -mtune=cortex-a7 --sysroot=/home/muhd_azhari/sdk/sysroots/cortexa7-vfp-neon-telechips-linux-gnueabi   -O2 -pipe -g -feliminate-unused-debug-types     -Wl,-O1 -Wl,--hash-style=gnu -Wl,--as-needed  CMakeFiles/cmTC_f88cc.dir/testCXXCompiler.cxx.o  -o cmTC_f88cc -rdynamic 
make[1]: Leaving directory '/home/muhd_azhari/azhari_task/PowerProcessorIPC/variant/variant_changer/build/CMakeFiles/CMakeTmp'


Detecting CXX compiler ABI info compiled with the following output:
Change Dir: /home/muhd_azhari/azhari_task/PowerProcessorIPC/variant/variant_changer/build/CMakeFiles/CMakeTmp

Run Build Command:"/usr/bin/make" "cmTC_1b56c/fast"
/usr/bin/make -f CMakeFiles/cmTC_1b56c.dir/build.make CMakeFiles/cmTC_1b56c.dir/build
make[1]: Entering directory '/home/muhd_azhari/azhari_task/PowerProcessorIPC/variant/variant_changer/build/CMakeFiles/CMakeTmp'
Building CXX object CMakeFiles/cmTC_1b56c.dir/CMakeCXXCompilerABI.cpp.o
/home/muhd_azhari/sdk/sysroots/x86_64-oesdk-linux/usr/bin/arm-telechips-linux-gnueabi/arm-telechips-linux-gnueabi-g++   -march=armv7-a -mfloat-abi=softfp -mfpu=neon -mtune=cortex-a7 --sysroot=/home/muhd_azhari/sdk/sysroots/cortexa7-vfp-neon-telechips-linux-gnueabi    -O2 -pipe -g -feliminate-unused-debug-types     -o CMakeFiles/cmTC_1b56c.dir/CMakeCXXCompilerABI.cpp.o -c /usr/share/cmake-3.5/Modules/CMakeCXXCompilerABI.cpp
Linking CXX executable cmTC_1b56c
/usr/bin/cmake -E cmake_link_script CMakeFiles/cmTC_1b56c.dir/link.txt --verbose=1
/home/muhd_azhari/sdk/sysroots/x86_64-oesdk-linux/usr/bin/arm-telechips-linux-gnueabi/arm-telechips-linux-gnueabi-g++   -march=armv7-a -mfloat-abi=softfp -mfpu=neon -mtune=cortex-a7 --sysroot=/home/muhd_azhari/sdk/sysroots/cortexa7-vfp-neon-telechips-linux-gnueabi   -O2 -pipe -g -feliminate-unused-debug-types     -Wl,-O1 -Wl,--hash-style=gnu -Wl,--as-needed -v CMakeFiles/cmTC_1b56c.dir/CMakeCXXCompilerABI.cpp.o  -o cmTC_1b56c -rdynamic  
Using built-in specs.
COLLECT_GCC=/home/muhd_azhari/sdk/sysroots/x86_64-oesdk-linux/usr/bin/arm-telechips-linux-gnueabi/arm-telechips-linux-gnueabi-g++
COLLECT_LTO_WRAPPER=/home/muhd_azhari/sdk/sysroots/x86_64-oesdk-linux/usr/bin/arm-telechips-linux-gnueabi/../../libexec/arm-telechips-linux-gnueabi/gcc/arm-telechips-linux-gnueabi/4.8.1/lto-wrapper
Target: arm-telechips-linux-gnueabi
Configured with: /var/lib/jenkins/workspace/tc-sdk/build/meowth/tmp/work-shared/gcc-4.8.1-r0/gcc-4.8.1/configure --build=x86_64-linux --host=x86_64-oesdk-linux --target=arm-telechips-linux-gnueabi --prefix=/usr/local/oecore-x86_64/sysroots/x86_64-oesdk-linux/usr --exec_prefix=/usr/local/oecore-x86_64/sysroots/x86_64-oesdk-linux/usr --bindir=/usr/local/oecore-x86_64/sysroots/x86_64-oesdk-linux/usr/bin/arm-telechips-linux-gnueabi --sbindir=/usr/local/oecore-x86_64/sysroots/x86_64-oesdk-linux/usr/bin/arm-telechips-linux-gnueabi --libexecdir=/usr/local/oecore-x86_64/sysroots/x86_64-oesdk-linux/usr/libexec/arm-telechips-linux-gnueabi --datadir=/usr/local/oecore-x86_64/sysroots/x86_64-oesdk-linux/usr/share --sysconfdir=/usr/local/oecore-x86_64/sysroots/x86_64-oesdk-linux/etc --sharedstatedir=/usr/local/oecore-x86_64/sysroots/x86_64-oesdk-linux/com --localstatedir=/usr/local/oecore-x86_64/sysroots/x86_64-oesdk-linux/var --libdir=/usr/local/oecore-x86_64/sysroots/x86_64-oesdk-linux/usr/lib/arm-telechips-linux-gnueabi --includedir=/usr/local/oecore-x86_64/sysroots/x86_64-oesdk-linux/usr/include --oldincludedir=/usr/local/oecore-x86_64/sysroots/x86_64-oesdk-linux/usr/include --infodir=/usr/local/oecore-x86_64/sysroots/x86_64-oesdk-linux/usr/share/info --mandir=/usr/local/oecore-x86_64/sysroots/x86_64-oesdk-linux/usr/share/man --disable-silent-rules --disable-dependency-tracking --with-libtool-sysroot=/var/lib/jenkins/workspace/tc-sdk/build/meowth/tmp/sysroots/x86_64-nativesdk-oesdk-linux --with-gnu-ld --enable-shared --enable-languages=c,c++ --enable-threads=posix --enable-multilib --enable-c99 --enable-long-long --enable-symvers=gnu --enable-libstdcxx-pch --program-prefix=arm-telechips-linux-gnueabi- --without-local-prefix --enable-target-optspace --enable-lto --enable-libssp --disable-bootstrap --disable-libmudflap --with-system-zlib --with-linker-hash-style=gnu --enable-linker-build-id --with-ppl=no --with-cloog=no --enable-checking=release --enable-cheaders=c_global --with-gxx-include-dir=/not/exist/usr/include/c++/4.8.1 --with-build-time-tools=/var/lib/jenkins/workspace/tc-sdk/build/meowth/tmp/sysroots/x86_64-linux/usr/arm-telechips-linux-gnueabi/bin --with-sysroot=/not/exist --with-build-sysroot=/var/lib/jenkins/workspace/tc-sdk/build/meowth/tmp/sysroots/tcc8971-meowth --enable-poison-system-directories --with-mpfr=/var/lib/jenkins/workspace/tc-sdk/build/meowth/tmp/sysroots/x86_64-nativesdk-oesdk-linux --with-mpc=/var/lib/jenkins/workspace/tc-sdk/build/meowth/tmp/sysroots/x86_64-nativesdk-oesdk-linux --enable-nls --with-arch=armv7-a
Thread model: posix
gcc version 4.8.1 (GCC) 
COMPILER_PATH=/home/muhd_azhari/sdk/sysroots/x86_64-oesdk-linux/usr/bin/arm-telechips-linux-gnueabi/../../libexec/arm-telechips-linux-gnueabi/gcc/arm-telechips-linux-gnueabi/4.8.1/:/home/muhd_azhari/sdk/sysroots/x86_64-oesdk-linux/usr/bin/arm-telechips-linux-gnueabi/../../libexec/arm-telechips-linux-gnueabi/gcc/
LIBRARY_PATH=/home/muhd_azhari/sdk/sysroots/x86_64-oesdk-linux/usr/bin/arm-telechips-linux-gnueabi/../../lib/arm-telechips-linux-gnueabi/gcc/arm-telechips-linux-gnueabi/4.8.1/:/home/muhd_azhari/sdk/sysroots/x86_64-oesdk-linux/usr/bin/arm-telechips-linux-gnueabi/../../lib/arm-telechips-linux-gnueabi/gcc/:/home/muhd_azhari/sdk/sysroots/cortexa7-vfp-neon-telechips-linux-gnueabi/lib/:/home/muhd_azhari/sdk/sysroots/cortexa7-vfp-neon-telechips-linux-gnueabi/usr/lib/arm-telechips-linux-gnueabi/4.8.1/:/home/muhd_azhari/sdk/sysroots/cortexa7-vfp-neon-telechips-linux-gnueabi/usr/lib/
COLLECT_GCC_OPTIONS='--sysroot=/home/muhd_azhari/sdk/sysroots/cortexa7-vfp-neon-telechips-linux-gnueabi' '-march=armv7-a' '-mfloat-abi=softfp' '-mfpu=neon' '-mtune=cortex-a7' '-O2' '-pipe' '-g' '-feliminate-unused-debug-types' '-v' '-o' 'cmTC_1b56c' '-rdynamic' '-shared-libgcc' '-mtls-dialect=gnu'
 /home/muhd_azhari/sdk/sysroots/x86_64-oesdk-linux/usr/bin/arm-telechips-linux-gnueabi/../../libexec/arm-telechips-linux-gnueabi/gcc/arm-telechips-linux-gnueabi/4.8.1/collect2 --sysroot=/home/muhd_azhari/sdk/sysroots/cortexa7-vfp-neon-telechips-linux-gnueabi --build-id --eh-frame-hdr --hash-style=gnu -export-dynamic -dynamic-linker /lib/ld-linux.so.3 -X -m armelf_linux_eabi -o cmTC_1b56c /home/muhd_azhari/sdk/sysroots/cortexa7-vfp-neon-telechips-linux-gnueabi/usr/lib/crt1.o /home/muhd_azhari/sdk/sysroots/cortexa7-vfp-neon-telechips-linux-gnueabi/usr/lib/crti.o /home/muhd_azhari/sdk/sysroots/cortexa7-vfp-neon-telechips-linux-gnueabi/usr/lib/arm-telechips-linux-gnueabi/4.8.1/crtbegin.o -L/home/muhd_azhari/sdk/sysroots/x86_64-oesdk-linux/usr/bin/arm-telechips-linux-gnueabi/../../lib/arm-telechips-linux-gnueabi/gcc/arm-telechips-linux-gnueabi/4.8.1 -L/home/muhd_azhari/sdk/sysroots/x86_64-oesdk-linux/usr/bin/arm-telechips-linux-gnueabi/../../lib/arm-telechips-linux-gnueabi/gcc -L/home/muhd_azhari/sdk/sysroots/cortexa7-vfp-neon-telechips-linux-gnueabi/lib -L/home/muhd_azhari/sdk/sysroots/cortexa7-vfp-neon-telechips-linux-gnueabi/usr/lib/arm-telechips-linux-gnueabi/4.8.1 -L/home/muhd_azhari/sdk/sysroots/cortexa7-vfp-neon-telechips-linux-gnueabi/usr/lib -O1 --hash-style=gnu --as-needed CMakeFiles/cmTC_1b56c.dir/CMakeCXXCompilerABI.cpp.o -lstdc++ -lm -lgcc_s -lgcc -lc -lgcc_s -lgcc /home/muhd_azhari/sdk/sysroots/cortexa7-vfp-neon-telechips-linux-gnueabi/usr/lib/arm-telechips-linux-gnueabi/4.8.1/crtend.o /home/muhd_azhari/sdk/sysroots/cortexa7-vfp-neon-telechips-linux-gnueabi/usr/lib/crtn.o
make[1]: Leaving directory '/home/muhd_azhari/azhari_task/PowerProcessorIPC/variant/variant_changer/build/CMakeFiles/CMakeTmp'


Parsed CXX implicit link information from above output:
  link line regex: [^( *|.*[/\])(ld|([^/\]+-)?ld|collect2)[^/\]*( |$)]
  ignore line: [Change Dir: /home/muhd_azhari/azhari_task/PowerProcessorIPC/variant/variant_changer/build/CMakeFiles/CMakeTmp]
  ignore line: []
  ignore line: [Run Build Command:"/usr/bin/make" "cmTC_1b56c/fast"]
  ignore line: [/usr/bin/make -f CMakeFiles/cmTC_1b56c.dir/build.make CMakeFiles/cmTC_1b56c.dir/build]
  ignore line: [make[1]: Entering directory '/home/muhd_azhari/azhari_task/PowerProcessorIPC/variant/variant_changer/build/CMakeFiles/CMakeTmp']
  ignore line: [Building CXX object CMakeFiles/cmTC_1b56c.dir/CMakeCXXCompilerABI.cpp.o]
  ignore line: [/home/muhd_azhari/sdk/sysroots/x86_64-oesdk-linux/usr/bin/arm-telechips-linux-gnueabi/arm-telechips-linux-gnueabi-g++   -march=armv7-a -mfloat-abi=softfp -mfpu=neon -mtune=cortex-a7 --sysroot=/home/muhd_azhari/sdk/sysroots/cortexa7-vfp-neon-telechips-linux-gnueabi    -O2 -pipe -g -feliminate-unused-debug-types     -o CMakeFiles/cmTC_1b56c.dir/CMakeCXXCompilerABI.cpp.o -c /usr/share/cmake-3.5/Modules/CMakeCXXCompilerABI.cpp]
  ignore line: [Linking CXX executable cmTC_1b56c]
  ignore line: [/usr/bin/cmake -E cmake_link_script CMakeFiles/cmTC_1b56c.dir/link.txt --verbose=1]
  ignore line: [/home/muhd_azhari/sdk/sysroots/x86_64-oesdk-linux/usr/bin/arm-telechips-linux-gnueabi/arm-telechips-linux-gnueabi-g++   -march=armv7-a -mfloat-abi=softfp -mfpu=neon -mtune=cortex-a7 --sysroot=/home/muhd_azhari/sdk/sysroots/cortexa7-vfp-neon-telechips-linux-gnueabi   -O2 -pipe -g -feliminate-unused-debug-types     -Wl,-O1 -Wl,--hash-style=gnu -Wl,--as-needed -v CMakeFiles/cmTC_1b56c.dir/CMakeCXXCompilerABI.cpp.o  -o cmTC_1b56c -rdynamic  ]
  ignore line: [Using built-in specs.]
  ignore line: [COLLECT_GCC=/home/muhd_azhari/sdk/sysroots/x86_64-oesdk-linux/usr/bin/arm-telechips-linux-gnueabi/arm-telechips-linux-gnueabi-g++]
  ignore line: [COLLECT_LTO_WRAPPER=/home/muhd_azhari/sdk/sysroots/x86_64-oesdk-linux/usr/bin/arm-telechips-linux-gnueabi/../../libexec/arm-telechips-linux-gnueabi/gcc/arm-telechips-linux-gnueabi/4.8.1/lto-wrapper]
  ignore line: [Target: arm-telechips-linux-gnueabi]
  ignore line: [Configured with: /var/lib/jenkins/workspace/tc-sdk/build/meowth/tmp/work-shared/gcc-4.8.1-r0/gcc-4.8.1/configure --build=x86_64-linux --host=x86_64-oesdk-linux --target=arm-telechips-linux-gnueabi --prefix=/usr/local/oecore-x86_64/sysroots/x86_64-oesdk-linux/usr --exec_prefix=/usr/local/oecore-x86_64/sysroots/x86_64-oesdk-linux/usr --bindir=/usr/local/oecore-x86_64/sysroots/x86_64-oesdk-linux/usr/bin/arm-telechips-linux-gnueabi --sbindir=/usr/local/oecore-x86_64/sysroots/x86_64-oesdk-linux/usr/bin/arm-telechips-linux-gnueabi --libexecdir=/usr/local/oecore-x86_64/sysroots/x86_64-oesdk-linux/usr/libexec/arm-telechips-linux-gnueabi --datadir=/usr/local/oecore-x86_64/sysroots/x86_64-oesdk-linux/usr/share --sysconfdir=/usr/local/oecore-x86_64/sysroots/x86_64-oesdk-linux/etc --sharedstatedir=/usr/local/oecore-x86_64/sysroots/x86_64-oesdk-linux/com --localstatedir=/usr/local/oecore-x86_64/sysroots/x86_64-oesdk-linux/var --libdir=/usr/local/oecore-x86_64/sysroots/x86_64-oesdk-linux/usr/lib/arm-telechips-linux-gnueabi --includedir=/usr/local/oecore-x86_64/sysroots/x86_64-oesdk-linux/usr/include --oldincludedir=/usr/local/oecore-x86_64/sysroots/x86_64-oesdk-linux/usr/include --infodir=/usr/local/oecore-x86_64/sysroots/x86_64-oesdk-linux/usr/share/info --mandir=/usr/local/oecore-x86_64/sysroots/x86_64-oesdk-linux/usr/share/man --disable-silent-rules --disable-dependency-tracking --with-libtool-sysroot=/var/lib/jenkins/workspace/tc-sdk/build/meowth/tmp/sysroots/x86_64-nativesdk-oesdk-linux --with-gnu-ld --enable-shared --enable-languages=c,c++ --enable-threads=posix --enable-multilib --enable-c99 --enable-long-long --enable-symvers=gnu --enable-libstdcxx-pch --program-prefix=arm-telechips-linux-gnueabi- --without-local-prefix --enable-target-optspace --enable-lto --enable-libssp --disable-bootstrap --disable-libmudflap --with-system-zlib --with-linker-hash-style=gnu --enable-linker-build-id --with-ppl=no --with-cloog=no --enable-checking=release --enable-cheaders=c_global --with-gxx-include-dir=/not/exist/usr/include/c++/4.8.1 --with-build-time-tools=/var/lib/jenkins/workspace/tc-sdk/build/meowth/tmp/sysroots/x86_64-linux/usr/arm-telechips-linux-gnueabi/bin --with-sysroot=/not/exist --with-build-sysroot=/var/lib/jenkins/workspace/tc-sdk/build/meowth/tmp/sysroots/tcc8971-meowth --enable-poison-system-directories --with-mpfr=/var/lib/jenkins/workspace/tc-sdk/build/meowth/tmp/sysroots/x86_64-nativesdk-oesdk-linux --with-mpc=/var/lib/jenkins/workspace/tc-sdk/build/meowth/tmp/sysroots/x86_64-nativesdk-oesdk-linux --enable-nls --with-arch=armv7-a]
  ignore line: [Thread model: posix]
  ignore line: [gcc version 4.8.1 (GCC) ]
  ignore line: [COMPILER_PATH=/home/muhd_azhari/sdk/sysroots/x86_64-oesdk-linux/usr/bin/arm-telechips-linux-gnueabi/../../libexec/arm-telechips-linux-gnueabi/gcc/arm-telechips-linux-gnueabi/4.8.1/:/home/muhd_azhari/sdk/sysroots/x86_64-oesdk-linux/usr/bin/arm-telechips-linux-gnueabi/../../libexec/arm-telechips-linux-gnueabi/gcc/]
  ignore line: [LIBRARY_PATH=/home/muhd_azhari/sdk/sysroots/x86_64-oesdk-linux/usr/bin/arm-telechips-linux-gnueabi/../../lib/arm-telechips-linux-gnueabi/gcc/arm-telechips-linux-gnueabi/4.8.1/:/home/muhd_azhari/sdk/sysroots/x86_64-oesdk-linux/usr/bin/arm-telechips-linux-gnueabi/../../lib/arm-telechips-linux-gnueabi/gcc/:/home/muhd_azhari/sdk/sysroots/cortexa7-vfp-neon-telechips-linux-gnueabi/lib/:/home/muhd_azhari/sdk/sysroots/cortexa7-vfp-neon-telechips-linux-gnueabi/usr/lib/arm-telechips-linux-gnueabi/4.8.1/:/home/muhd_azhari/sdk/sysroots/cortexa7-vfp-neon-telechips-linux-gnueabi/usr/lib/]
  ignore line: [COLLECT_GCC_OPTIONS='--sysroot=/home/muhd_azhari/sdk/sysroots/cortexa7-vfp-neon-telechips-linux-gnueabi' '-march=armv7-a' '-mfloat-abi=softfp' '-mfpu=neon' '-mtune=cortex-a7' '-O2' '-pipe' '-g' '-feliminate-unused-debug-types' '-v' '-o' 'cmTC_1b56c' '-rdynamic' '-shared-libgcc' '-mtls-dialect=gnu']
  link line: [ /home/muhd_azhari/sdk/sysroots/x86_64-oesdk-linux/usr/bin/arm-telechips-linux-gnueabi/../../libexec/arm-telechips-linux-gnueabi/gcc/arm-telechips-linux-gnueabi/4.8.1/collect2 --sysroot=/home/muhd_azhari/sdk/sysroots/cortexa7-vfp-neon-telechips-linux-gnueabi --build-id --eh-frame-hdr --hash-style=gnu -export-dynamic -dynamic-linker /lib/ld-linux.so.3 -X -m armelf_linux_eabi -o cmTC_1b56c /home/muhd_azhari/sdk/sysroots/cortexa7-vfp-neon-telechips-linux-gnueabi/usr/lib/crt1.o /home/muhd_azhari/sdk/sysroots/cortexa7-vfp-neon-telechips-linux-gnueabi/usr/lib/crti.o /home/muhd_azhari/sdk/sysroots/cortexa7-vfp-neon-telechips-linux-gnueabi/usr/lib/arm-telechips-linux-gnueabi/4.8.1/crtbegin.o -L/home/muhd_azhari/sdk/sysroots/x86_64-oesdk-linux/usr/bin/arm-telechips-linux-gnueabi/../../lib/arm-telechips-linux-gnueabi/gcc/arm-telechips-linux-gnueabi/4.8.1 -L/home/muhd_azhari/sdk/sysroots/x86_64-oesdk-linux/usr/bin/arm-telechips-linux-gnueabi/../../lib/arm-telechips-linux-gnueabi/gcc -L/home/muhd_azhari/sdk/sysroots/cortexa7-vfp-neon-telechips-linux-gnueabi/lib -L/home/muhd_azhari/sdk/sysroots/cortexa7-vfp-neon-telechips-linux-gnueabi/usr/lib/arm-telechips-linux-gnueabi/4.8.1 -L/home/muhd_azhari/sdk/sysroots/cortexa7-vfp-neon-telechips-linux-gnueabi/usr/lib -O1 --hash-style=gnu --as-needed CMakeFiles/cmTC_1b56c.dir/CMakeCXXCompilerABI.cpp.o -lstdc++ -lm -lgcc_s -lgcc -lc -lgcc_s -lgcc /home/muhd_azhari/sdk/sysroots/cortexa7-vfp-neon-telechips-linux-gnueabi/usr/lib/arm-telechips-linux-gnueabi/4.8.1/crtend.o /home/muhd_azhari/sdk/sysroots/cortexa7-vfp-neon-telechips-linux-gnueabi/usr/lib/crtn.o]
    arg [/home/muhd_azhari/sdk/sysroots/x86_64-oesdk-linux/usr/bin/arm-telechips-linux-gnueabi/../../libexec/arm-telechips-linux-gnueabi/gcc/arm-telechips-linux-gnueabi/4.8.1/collect2] ==> ignore
    arg [--sysroot=/home/muhd_azhari/sdk/sysroots/cortexa7-vfp-neon-telechips-linux-gnueabi] ==> ignore
    arg [--build-id] ==> ignore
    arg [--eh-frame-hdr] ==> ignore
    arg [--hash-style=gnu] ==> ignore
    arg [-export-dynamic] ==> ignore
    arg [-dynamic-linker] ==> ignore
    arg [/lib/ld-linux.so.3] ==> ignore
    arg [-X] ==> ignore
    arg [-m] ==> ignore
    arg [armelf_linux_eabi] ==> ignore
    arg [-o] ==> ignore
    arg [cmTC_1b56c] ==> ignore
    arg [/home/muhd_azhari/sdk/sysroots/cortexa7-vfp-neon-telechips-linux-gnueabi/usr/lib/crt1.o] ==> ignore
    arg [/home/muhd_azhari/sdk/sysroots/cortexa7-vfp-neon-telechips-linux-gnueabi/usr/lib/crti.o] ==> ignore
    arg [/home/muhd_azhari/sdk/sysroots/cortexa7-vfp-neon-telechips-linux-gnueabi/usr/lib/arm-telechips-linux-gnueabi/4.8.1/crtbegin.o] ==> ignore
    arg [-L/home/muhd_azhari/sdk/sysroots/x86_64-oesdk-linux/usr/bin/arm-telechips-linux-gnueabi/../../lib/arm-telechips-linux-gnueabi/gcc/arm-telechips-linux-gnueabi/4.8.1] ==> dir [/home/muhd_azhari/sdk/sysroots/x86_64-oesdk-linux/usr/bin/arm-telechips-linux-gnueabi/../../lib/arm-telechips-linux-gnueabi/gcc/arm-telechips-linux-gnueabi/4.8.1]
    arg [-L/home/muhd_azhari/sdk/sysroots/x86_64-oesdk-linux/usr/bin/arm-telechips-linux-gnueabi/../../lib/arm-telechips-linux-gnueabi/gcc] ==> dir [/home/muhd_azhari/sdk/sysroots/x86_64-oesdk-linux/usr/bin/arm-telechips-linux-gnueabi/../../lib/arm-telechips-linux-gnueabi/gcc]
    arg [-L/home/muhd_azhari/sdk/sysroots/cortexa7-vfp-neon-telechips-linux-gnueabi/lib] ==> dir [/home/muhd_azhari/sdk/sysroots/cortexa7-vfp-neon-telechips-linux-gnueabi/lib]
    arg [-L/home/muhd_azhari/sdk/sysroots/cortexa7-vfp-neon-telechips-linux-gnueabi/usr/lib/arm-telechips-linux-gnueabi/4.8.1] ==> dir [/home/muhd_azhari/sdk/sysroots/cortexa7-vfp-neon-telechips-linux-gnueabi/usr/lib/arm-telechips-linux-gnueabi/4.8.1]
    arg [-L/home/muhd_azhari/sdk/sysroots/cortexa7-vfp-neon-telechips-linux-gnueabi/usr/lib] ==> dir [/home/muhd_azhari/sdk/sysroots/cortexa7-vfp-neon-telechips-linux-gnueabi/usr/lib]
    arg [-O1] ==> ignore
    arg [--hash-style=gnu] ==> ignore
    arg [--as-needed] ==> ignore
    arg [CMakeFiles/cmTC_1b56c.dir/CMakeCXXCompilerABI.cpp.o] ==> ignore
    arg [-lstdc++] ==> lib [stdc++]
    arg [-lm] ==> lib [m]
    arg [-lgcc_s] ==> lib [gcc_s]
    arg [-lgcc] ==> lib [gcc]
    arg [-lc] ==> lib [c]
    arg [-lgcc_s] ==> lib [gcc_s]
    arg [-lgcc] ==> lib [gcc]
    arg [/home/muhd_azhari/sdk/sysroots/cortexa7-vfp-neon-telechips-linux-gnueabi/usr/lib/arm-telechips-linux-gnueabi/4.8.1/crtend.o] ==> ignore
    arg [/home/muhd_azhari/sdk/sysroots/cortexa7-vfp-neon-telechips-linux-gnueabi/usr/lib/crtn.o] ==> ignore
  remove lib [gcc_s]
  remove lib [gcc]
  remove lib [gcc_s]
  remove lib [gcc]
  collapse library dir [/home/muhd_azhari/sdk/sysroots/x86_64-oesdk-linux/usr/bin/arm-telechips-linux-gnueabi/../../lib/arm-telechips-linux-gnueabi/gcc/arm-telechips-linux-gnueabi/4.8.1] ==> [/home/muhd_azhari/sdk/sysroots/x86_64-oesdk-linux/usr/lib/arm-telechips-linux-gnueabi/gcc/arm-telechips-linux-gnueabi/4.8.1]
  collapse library dir [/home/muhd_azhari/sdk/sysroots/x86_64-oesdk-linux/usr/bin/arm-telechips-linux-gnueabi/../../lib/arm-telechips-linux-gnueabi/gcc] ==> [/home/muhd_azhari/sdk/sysroots/x86_64-oesdk-linux/usr/lib/arm-telechips-linux-gnueabi/gcc]
  collapse library dir [/home/muhd_azhari/sdk/sysroots/cortexa7-vfp-neon-telechips-linux-gnueabi/lib] ==> [/home/muhd_azhari/sdk/sysroots/cortexa7-vfp-neon-telechips-linux-gnueabi/lib]
  collapse library dir [/home/muhd_azhari/sdk/sysroots/cortexa7-vfp-neon-telechips-linux-gnueabi/usr/lib/arm-telechips-linux-gnueabi/4.8.1] ==> [/home/muhd_azhari/sdk/sysroots/cortexa7-vfp-neon-telechips-linux-gnueabi/usr/lib/arm-telechips-linux-gnueabi/4.8.1]
  collapse library dir [/home/muhd_azhari/sdk/sysroots/cortexa7-vfp-neon-telechips-linux-gnueabi/usr/lib] ==> [/home/muhd_azhari/sdk/sysroots/cortexa7-vfp-neon-telechips-linux-gnueabi/usr/lib]
  implicit libs: [stdc++;m;c]
  implicit dirs: [/home/muhd_azhari/sdk/sysroots/x86_64-oesdk-linux/usr/lib/arm-telechips-linux-gnueabi/gcc/arm-telechips-linux-gnueabi/4.8.1;/home/muhd_azhari/sdk/sysroots/x86_64-oesdk-linux/usr/lib/arm-telechips-linux-gnueabi/gcc;/home/muhd_azhari/sdk/sysroots/cortexa7-vfp-neon-telechips-linux-gnueabi/lib;/home/muhd_azhari/sdk/sysroots/cortexa7-vfp-neon-telechips-linux-gnueabi/usr/lib/arm-telechips-linux-gnueabi/4.8.1;/home/muhd_azhari/sdk/sysroots/cortexa7-vfp-neon-telechips-linux-gnueabi/usr/lib]
  implicit fwks: []




Detecting CXX [-std=c++1y] compiler features compiled with the following output:
Change Dir: /home/muhd_azhari/azhari_task/PowerProcessorIPC/variant/variant_changer/build/CMakeFiles/CMakeTmp

Run Build Command:"/usr/bin/make" "cmTC_5c5f7/fast"
/usr/bin/make -f CMakeFiles/cmTC_5c5f7.dir/build.make CMakeFiles/cmTC_5c5f7.dir/build
make[1]: Entering directory '/home/muhd_azhari/azhari_task/PowerProcessorIPC/variant/variant_changer/build/CMakeFiles/CMakeTmp'
Building CXX object CMakeFiles/cmTC_5c5f7.dir/feature_tests.cxx.o
/home/muhd_azhari/sdk/sysroots/x86_64-oesdk-linux/usr/bin/arm-telechips-linux-gnueabi/arm-telechips-linux-gnueabi-g++   -march=armv7-a -mfloat-abi=softfp -mfpu=neon -mtune=cortex-a7 --sysroot=/home/muhd_azhari/sdk/sysroots/cortexa7-vfp-neon-telechips-linux-gnueabi    -O2 -pipe -g -feliminate-unused-debug-types     -std=c++1y -o CMakeFiles/cmTC_5c5f7.dir/feature_tests.cxx.o -c /home/muhd_azhari/azhari_task/PowerProcessorIPC/variant/variant_changer/build/CMakeFiles/feature_tests.cxx
Linking CXX executable cmTC_5c5f7
/usr/bin/cmake -E cmake_link_script CMakeFiles/cmTC_5c5f7.dir/link.txt --verbose=1
/home/muhd_azhari/sdk/sysroots/x86_64-oesdk-linux/usr/bin/arm-telechips-linux-gnueabi/arm-telechips-linux-gnueabi-g++   -march=armv7-a -mfloat-abi=softfp -mfpu=neon -mtune=cortex-a7 --sysroot=/home/muhd_azhari/sdk/sysroots/cortexa7-vfp-neon-telechips-linux-gnueabi   -O2 -pipe -g -feliminate-unused-debug-types     -Wl,-O1 -Wl,--hash-style=gnu -Wl,--as-needed  CMakeFiles/cmTC_5c5f7.dir/feature_tests.cxx.o  -o cmTC_5c5f7 -rdynamic 
make[1]: Leaving directory '/home/muhd_azhari/azhari_task/PowerProcessorIPC/variant/variant_changer/build/CMakeFiles/CMakeTmp'


    Feature record: CXX_FEATURE:0cxx_aggregate_default_initializers
    Feature record: CXX_FEATURE:1cxx_alias_templates
    Feature record: CXX_FEATURE:1cxx_alignas
    Feature record: CXX_FEATURE:1cxx_alignof
    Feature record: CXX_FEATURE:1cxx_attributes
    Feature record: CXX_FEATURE:0cxx_attribute_deprecated
    Feature record: CXX_FEATURE:1cxx_auto_type
    Feature record: CXX_FEATURE:0cxx_binary_literals
    Feature record: CXX_FEATURE:1cxx_constexpr
    Feature record: CXX_FEATURE:0cxx_contextual_conversions
    Feature record: CXX_FEATURE:1cxx_decltype
    Feature record: CXX_FEATURE:0cxx_decltype_auto
    Feature record: CXX_FEATURE:1cxx_decltype_incomplete_return_types
    Feature record: CXX_FEATURE:1cxx_default_function_template_args
    Feature record: CXX_FEATURE:1cxx_defaulted_functions
    Feature record: CXX_FEATURE:1cxx_defaulted_move_initializers
    Feature record: CXX_FEATURE:1cxx_delegating_constructors
    Feature record: CXX_FEATURE:1cxx_deleted_functions
    Feature record: CXX_FEATURE:0cxx_digit_separators
    Feature record: CXX_FEATURE:1cxx_enum_forward_declarations
    Feature record: CXX_FEATURE:1cxx_explicit_conversions
    Feature record: CXX_FEATURE:1cxx_extended_friend_declarations
    Feature record: CXX_FEATURE:1cxx_extern_templates
    Feature record: CXX_FEATURE:1cxx_final
    Feature record: CXX_FEATURE:1cxx_func_identifier
    Feature record: CXX_FEATURE:1cxx_generalized_initializers
    Feature record: CXX_FEATURE:0cxx_generic_lambdas
    Feature record: CXX_FEATURE:1cxx_inheriting_constructors
    Feature record: CXX_FEATURE:1cxx_inline_namespaces
    Feature record: CXX_FEATURE:1cxx_lambdas
    Feature record: CXX_FEATURE:0cxx_lambda_init_captures
    Feature record: CXX_FEATURE:1cxx_local_type_template_args
    Feature record: CXX_FEATURE:1cxx_long_long_type
    Feature record: CXX_FEATURE:1cxx_noexcept
    Feature record: CXX_FEATURE:1cxx_nonstatic_member_init
    Feature record: CXX_FEATURE:1cxx_nullptr
    Feature record: CXX_FEATURE:1cxx_override
    Feature record: CXX_FEATURE:1cxx_range_for
    Feature record: CXX_FEATURE:1cxx_raw_string_literals
    Feature record: CXX_FEATURE:1cxx_reference_qualified_functions
    Feature record: CXX_FEATURE:0cxx_relaxed_constexpr
    Feature record: CXX_FEATURE:0cxx_return_type_deduction
    Feature record: CXX_FEATURE:1cxx_right_angle_brackets
    Feature record: CXX_FEATURE:1cxx_rvalue_references
    Feature record: CXX_FEATURE:1cxx_sizeof_member
    Feature record: CXX_FEATURE:1cxx_static_assert
    Feature record: CXX_FEATURE:1cxx_strong_enums
    Feature record: CXX_FEATURE:1cxx_template_template_parameters
    Feature record: CXX_FEATURE:1cxx_thread_local
    Feature record: CXX_FEATURE:1cxx_trailing_return_types
    Feature record: CXX_FEATURE:1cxx_unicode_literals
    Feature record: CXX_FEATURE:1cxx_uniform_initialization
    Feature record: CXX_FEATURE:1cxx_unrestricted_unions
    Feature record: CXX_FEATURE:1cxx_user_literals
    Feature record: CXX_FEATURE:0cxx_variable_templates
    Feature record: CXX_FEATURE:1cxx_variadic_macros
    Feature record: CXX_FEATURE:1cxx_variadic_templates


Detecting CXX [-std=c++11] compiler features compiled with the following output:
Change Dir: /home/muhd_azhari/azhari_task/PowerProcessorIPC/variant/variant_changer/build/CMakeFiles/CMakeTmp

Run Build Command:"/usr/bin/make" "cmTC_a0cb7/fast"
/usr/bin/make -f CMakeFiles/cmTC_a0cb7.dir/build.make CMakeFiles/cmTC_a0cb7.dir/build
make[1]: Entering directory '/home/muhd_azhari/azhari_task/PowerProcessorIPC/variant/variant_changer/build/CMakeFiles/CMakeTmp'
Building CXX object CMakeFiles/cmTC_a0cb7.dir/feature_tests.cxx.o
/home/muhd_azhari/sdk/sysroots/x86_64-oesdk-linux/usr/bin/arm-telechips-linux-gnueabi/arm-telechips-linux-gnueabi-g++   -march=armv7-a -mfloat-abi=softfp -mfpu=neon -mtune=cortex-a7 --sysroot=/home/muhd_azhari/sdk/sysroots/cortexa7-vfp-neon-telechips-linux-gnueabi    -O2 -pipe -g -feliminate-unused-debug-types     -std=c++11 -o CMakeFiles/cmTC_a0cb7.dir/feature_tests.cxx.o -c /home/muhd_azhari/azhari_task/PowerProcessorIPC/variant/variant_changer/build/CMakeFiles/feature_tests.cxx
Linking CXX executable cmTC_a0cb7
/usr/bin/cmake -E cmake_link_script CMakeFiles/cmTC_a0cb7.dir/link.txt --verbose=1
/home/muhd_azhari/sdk/sysroots/x86_64-oesdk-linux/usr/bin/arm-telechips-linux-gnueabi/arm-telechips-linux-gnueabi-g++   -march=armv7-a -mfloat-abi=softfp -mfpu=neon -mtune=cortex-a7 --sysroot=/home/muhd_azhari/sdk/sysroots/cortexa7-vfp-neon-telechips-linux-gnueabi   -O2 -pipe -g -feliminate-unused-debug-types     -Wl,-O1 -Wl,--hash-style=gnu -Wl,--as-needed  CMakeFiles/cmTC_a0cb7.dir/feature_tests.cxx.o  -o cmTC_a0cb7 -rdynamic 
make[1]: Leaving directory '/home/muhd_azhari/azhari_task/PowerProcessorIPC/variant/variant_changer/build/CMakeFiles/CMakeTmp'


    Feature record: CXX_FEATURE:0cxx_aggregate_default_initializers
    Feature record: CXX_FEATURE:1cxx_alias_templates
    Feature record: CXX_FEATURE:1cxx_alignas
    Feature record: CXX_FEATURE:1cxx_alignof
    Feature record: CXX_FEATURE:1cxx_attributes
    Feature record: CXX_FEATURE:0cxx_attribute_deprecated
    Feature record: CXX_FEATURE:1cxx_auto_type
    Feature record: CXX_FEATURE:0cxx_binary_literals
    Feature record: CXX_FEATURE:1cxx_constexpr
    Feature record: CXX_FEATURE:0cxx_contextual_conversions
    Feature record: CXX_FEATURE:1cxx_decltype
    Feature record: CXX_FEATURE:0cxx_decltype_auto
    Feature record: CXX_FEATURE:1cxx_decltype_incomplete_return_types
    Feature record: CXX_FEATURE:1cxx_default_function_template_args
    Feature record: CXX_FEATURE:1cxx_defaulted_functions
    Feature record: CXX_FEATURE:1cxx_defaulted_move_initializers
    Feature record: CXX_FEATURE:1cxx_delegating_constructors
    Feature record: CXX_FEATURE:1cxx_deleted_functions
    Feature record: CXX_FEATURE:0cxx_digit_separators
    Feature record: CXX_FEATURE:1cxx_enum_forward_declarations
    Feature record: CXX_FEATURE:1cxx_explicit_conversions
    Feature record: CXX_FEATURE:1cxx_extended_friend_declarations
    Feature record: CXX_FEATURE:1cxx_extern_templates
    Feature record: CXX_FEATURE:1cxx_final
    Feature record: CXX_FEATURE:1cxx_func_identifier
    Feature record: CXX_FEATURE:1cxx_generalized_initializers
    Feature record: CXX_FEATURE:0cxx_generic_lambdas
    Feature record: CXX_FEATURE:1cxx_inheriting_constructors
    Feature record: CXX_FEATURE:1cxx_inline_namespaces
    Feature record: CXX_FEATURE:1cxx_lambdas
    Feature record: CXX_FEATURE:0cxx_lambda_init_captures
    Feature record: CXX_FEATURE:1cxx_local_type_template_args
    Feature record: CXX_FEATURE:1cxx_long_long_type
    Feature record: CXX_FEATURE:1cxx_noexcept
    Feature record: CXX_FEATURE:1cxx_nonstatic_member_init
    Feature record: CXX_FEATURE:1cxx_nullptr
    Feature record: CXX_FEATURE:1cxx_override
    Feature record: CXX_FEATURE:1cxx_range_for
    Feature record: CXX_FEATURE:1cxx_raw_string_literals
    Feature record: CXX_FEATURE:1cxx_reference_qualified_functions
    Feature record: CXX_FEATURE:0cxx_relaxed_constexpr
    Feature record: CXX_FEATURE:0cxx_return_type_deduction
    Feature record: CXX_FEATURE:1cxx_right_angle_brackets
    Feature record: CXX_FEATURE:1cxx_rvalue_references
    Feature record: CXX_FEATURE:1cxx_sizeof_member
    Feature record: CXX_FEATURE:1cxx_static_assert
    Feature record: CXX_FEATURE:1cxx_strong_enums
    Feature record: CXX_FEATURE:1cxx_template_template_parameters
    Feature record: CXX_FEATURE:1cxx_thread_local
    Feature record: CXX_FEATURE:1cxx_trailing_return_types
    Feature record: CXX_FEATURE:1cxx_unicode_literals
    Feature record: CXX_FEATURE:1cxx_uniform_initialization
    Feature record: CXX_FEATURE:1cxx_unrestricted_unions
    Feature record: CXX_FEATURE:1cxx_user_literals
    Feature record: CXX_FEATURE:0cxx_variable_templates
    Feature record: CXX_FEATURE:1cxx_variadic_macros
    Feature record: CXX_FEATURE:1cxx_variadic_templates


Detecting CXX [-std=c++98] compiler features compiled with the following output:
Change Dir: /home/muhd_azhari/azhari_task/PowerProcessorIPC/variant/variant_changer/build/CMakeFiles/CMakeTmp

Run Build Command:"/usr/bin/make" "cmTC_542ff/fast"
/usr/bin/make -f CMakeFiles/cmTC_542ff.dir/build.make CMakeFiles/cmTC_542ff.dir/build
make[1]: Entering directory '/home/muhd_azhari/azhari_task/PowerProcessorIPC/variant/variant_changer/build/CMakeFiles/CMakeTmp'
Building CXX object CMakeFiles/cmTC_542ff.dir/feature_tests.cxx.o
/home/muhd_azhari/sdk/sysroots/x86_64-oesdk-linux/usr/bin/arm-telechips-linux-gnueabi/arm-telechips-linux-gnueabi-g++   -march=armv7-a -mfloat-abi=softfp -mfpu=neon -mtune=cortex-a7 --sysroot=/home/muhd_azhari/sdk/sysroots/cortexa7-vfp-neon-telechips-linux-gnueabi    -O2 -pipe -g -feliminate-unused-debug-types     -std=c++98 -o CMakeFiles/cmTC_542ff.dir/feature_tests.cxx.o -c /home/muhd_azhari/azhari_task/PowerProcessorIPC/variant/variant_changer/build/CMakeFiles/feature_tests.cxx
Linking CXX executable cmTC_542ff
/usr/bin/cmake -E cmake_link_script CMakeFiles/cmTC_542ff.dir/link.txt --verbose=1
/home/muhd_azhari/sdk/sysroots/x86_64-oesdk-linux/usr/bin/arm-telechips-linux-gnueabi/arm-telechips-linux-gnueabi-g++   -march=armv7-a -mfloat-abi=softfp -mfpu=neon -mtune=cortex-a7 --sysroot=/home/muhd_azhari/sdk/sysroots/cortexa7-vfp-neon-telechips-linux-gnueabi   -O2 -pipe -g -feliminate-unused-debug-types     -Wl,-O1 -Wl,--hash-style=gnu -Wl,--as-needed  CMakeFiles/cmTC_542ff.dir/feature_tests.cxx.o  -o cmTC_542ff -rdynamic 
make[1]: Leaving directory '/home/muhd_azhari/azhari_task/PowerProcessorIPC/variant/variant_changer/build/CMakeFiles/CMakeTmp'


    Feature record: CXX_FEATURE:0cxx_aggregate_default_initializers
    Feature record: CXX_FEATURE:0cxx_alias_templates
    Feature record: CXX_FEATURE:0cxx_alignas
    Feature record: CXX_FEATURE:0cxx_alignof
    Feature record: CXX_FEATURE:0cxx_attributes
    Feature record: CXX_FEATURE:0cxx_attribute_deprecated
    Feature record: CXX_FEATURE:0cxx_auto_type
    Feature record: CXX_FEATURE:0cxx_binary_literals
    Feature record: CXX_FEATURE:0cxx_constexpr
    Feature record: CXX_FEATURE:0cxx_contextual_conversions
    Feature record: CXX_FEATURE:0cxx_decltype
    Feature record: CXX_FEATURE:0cxx_decltype_auto
    Feature record: CXX_FEATURE:0cxx_decltype_incomplete_return_types
    Feature record: CXX_FEATURE:0cxx_default_function_template_args
    Feature record: CXX_FEATURE:0cxx_defaulted_functions
    Feature record: CXX_FEATURE:0cxx_defaulted_move_initializers
    Feature record: CXX_FEATURE:0cxx_delegating_constructors
    Feature record: CXX_FEATURE:0cxx_deleted_functions
    Feature record: CXX_FEATURE:0cxx_digit_separators
    Feature record: CXX_FEATURE:0cxx_enum_forward_declarations
    Feature record: CXX_FEATURE:0cxx_explicit_conversions
    Feature record: CXX_FEATURE:0cxx_extended_friend_declarations
    Feature record: CXX_FEATURE:0cxx_extern_templates
    Feature record: CXX_FEATURE:0cxx_final
    Feature record: CXX_FEATURE:0cxx_func_identifier
    Feature record: CXX_FEATURE:0cxx_generalized_initializers
    Feature record: CXX_FEATURE:0cxx_generic_lambdas
    Feature record: CXX_FEATURE:0cxx_inheriting_constructors
    Feature record: CXX_FEATURE:0cxx_inline_namespaces
    Feature record: CXX_FEATURE:0cxx_lambdas
    Feature record: CXX_FEATURE:0cxx_lambda_init_captures
    Feature record: CXX_FEATURE:0cxx_local_type_template_args
    Feature record: CXX_FEATURE:0cxx_long_long_type
    Feature record: CXX_FEATURE:0cxx_noexcept
    Feature record: CXX_FEATURE:0cxx_nonstatic_member_init
    Feature record: CXX_FEATURE:0cxx_nullptr
    Feature record: CXX_FEATURE:0cxx_override
    Feature record: CXX_FEATURE:0cxx_range_for
    Feature record: CXX_FEATURE:0cxx_raw_string_literals
    Feature record: CXX_FEATURE:0cxx_reference_qualified_functions
    Feature record: CXX_FEATURE:0cxx_relaxed_constexpr
    Feature record: CXX_FEATURE:0cxx_return_type_deduction
    Feature record: CXX_FEATURE:0cxx_right_angle_brackets
    Feature record: CXX_FEATURE:0cxx_rvalue_references
    Feature record: CXX_FEATURE:0cxx_sizeof_member
    Feature record: CXX_FEATURE:0cxx_static_assert
    Feature record: CXX_FEATURE:0cxx_strong_enums
    Feature record: CXX_FEATURE:1cxx_template_template_parameters
    Feature record: CXX_FEATURE:0cxx_thread_local
    Feature record: CXX_FEATURE:0cxx_trailing_return_types
    Feature record: CXX_FEATURE:0cxx_unicode_literals
    Feature record: CXX_FEATURE:0cxx_uniform_initialization
    Feature record: CXX_FEATURE:0cxx_unrestricted_unions
    Feature record: CXX_FEATURE:0cxx_user_literals
    Feature record: CXX_FEATURE:0cxx_variable_templates
    Feature record: CXX_FEATURE:0cxx_variadic_macros
    Feature record: CXX_FEATURE:0cxx_variadic_templates
Determining if the include file pthread.h exists passed with the following output:
Change Dir: /home/muhd_azhari/azhari_task/PowerProcessorIPC/variant/variant_changer/build/CMakeFiles/CMakeTmp

Run Build Command:"/usr/bin/make" "cmTC_6b576/fast"
/usr/bin/make -f CMakeFiles/cmTC_6b576.dir/build.make CMakeFiles/cmTC_6b576.dir/build
make[1]: Entering directory '/home/muhd_azhari/azhari_task/PowerProcessorIPC/variant/variant_changer/build/CMakeFiles/CMakeTmp'
Building C object CMakeFiles/cmTC_6b576.dir/CheckIncludeFile.c.o
/home/muhd_azhari/sdk/sysroots/x86_64-oesdk-linux/usr/bin/arm-telechips-linux-gnueabi/arm-telechips-linux-gnueabi-gcc   -march=armv7-a -mfloat-abi=softfp -mfpu=neon -mtune=cortex-a7 --sysroot=/home/muhd_azhari/sdk/sysroots/cortexa7-vfp-neon-telechips-linux-gnueabi   -O2 -pipe -g -feliminate-unused-debug-types     -o CMakeFiles/cmTC_6b576.dir/CheckIncludeFile.c.o   -c /home/muhd_azhari/azhari_task/PowerProcessorIPC/variant/variant_changer/build/CMakeFiles/CMakeTmp/CheckIncludeFile.c
Linking C executable cmTC_6b576
/usr/bin/cmake -E cmake_link_script CMakeFiles/cmTC_6b576.dir/link.txt --verbose=1
/home/muhd_azhari/sdk/sysroots/x86_64-oesdk-linux/usr/bin/arm-telechips-linux-gnueabi/arm-telechips-linux-gnueabi-gcc   -march=armv7-a -mfloat-abi=softfp -mfpu=neon -mtune=cortex-a7 --sysroot=/home/muhd_azhari/sdk/sysroots/cortexa7-vfp-neon-telechips-linux-gnueabi  -O2 -pipe -g -feliminate-unused-debug-types     -Wl,-O1 -Wl,--hash-style=gnu -Wl,--as-needed  CMakeFiles/cmTC_6b576.dir/CheckIncludeFile.c.o  -o cmTC_6b576 -rdynamic 
make[1]: Leaving directory '/home/muhd_azhari/azhari_task/PowerProcessorIPC/variant/variant_changer/build/CMakeFiles/CMakeTmp'


Determining if the function pthread_create exists in the pthread passed with the following output:
Change Dir: /home/muhd_azhari/azhari_task/PowerProcessorIPC/variant/variant_changer/build/CMakeFiles/CMakeTmp

Run Build Command:"/usr/bin/make" "cmTC_c5ce5/fast"
/usr/bin/make -f CMakeFiles/cmTC_c5ce5.dir/build.make CMakeFiles/cmTC_c5ce5.dir/build
make[1]: Entering directory '/home/muhd_azhari/azhari_task/PowerProcessorIPC/variant/variant_changer/build/CMakeFiles/CMakeTmp'
Building C object CMakeFiles/cmTC_c5ce5.dir/CheckFunctionExists.c.o
/home/muhd_azhari/sdk/sysroots/x86_64-oesdk-linux/usr/bin/arm-telechips-linux-gnueabi/arm-telechips-linux-gnueabi-gcc   -march=armv7-a -mfloat-abi=softfp -mfpu=neon -mtune=cortex-a7 --sysroot=/home/muhd_azhari/sdk/sysroots/cortexa7-vfp-neon-telechips-linux-gnueabi   -O2 -pipe -g -feliminate-unused-debug-types  -DCHECK_FUNCTION_EXISTS=pthread_create   -o CMakeFiles/cmTC_c5ce5.dir/CheckFunctionExists.c.o   -c /usr/share/cmake-3.5/Modules/CheckFunctionExists.c
Linking C executable cmTC_c5ce5
/usr/bin/cmake -E cmake_link_script CMakeFiles/cmTC_c5ce5.dir/link.txt --verbose=1
/home/muhd_azhari/sdk/sysroots/x86_64-oesdk-linux/usr/bin/arm-telechips-linux-gnueabi/arm-telechips-linux-gnueabi-gcc   -march=armv7-a -mfloat-abi=softfp -mfpu=neon -mtune=cortex-a7 --sysroot=/home/muhd_azhari/sdk/sysroots/cortexa7-vfp-neon-telechips-linux-gnueabi  -O2 -pipe -g -feliminate-unused-debug-types  -DCHECK_FUNCTION_EXISTS=pthread_create   -Wl,-O1 -Wl,--hash-style=gnu -Wl,--as-needed  CMakeFiles/cmTC_c5ce5.dir/CheckFunctionExists.c.o  -o cmTC_c5ce5 -rdynamic -lpthread 
make[1]: Leaving directory '/home/muhd_azhari/azhari_task/PowerProcessorIPC/variant/variant_changer/build/CMakeFiles/CMakeTmp'


