Determining if the pthread_create exist failed with the following output:
Change Dir: /home/muhd_azhari/azhari_task/PowerProcessorIPC/variant/variant_changer/build/CMakeFiles/CMakeTmp

Run Build Command:"/usr/bin/make" "cmTC_e549a/fast"
/usr/bin/make -f CMakeFiles/cmTC_e549a.dir/build.make CMakeFiles/cmTC_e549a.dir/build
make[1]: Entering directory '/home/muhd_azhari/azhari_task/PowerProcessorIPC/variant/variant_changer/build/CMakeFiles/CMakeTmp'
Building C object CMakeFiles/cmTC_e549a.dir/CheckSymbolExists.c.o
/home/muhd_azhari/sdk/sysroots/x86_64-oesdk-linux/usr/bin/arm-telechips-linux-gnueabi/arm-telechips-linux-gnueabi-gcc   -march=armv7-a -mfloat-abi=softfp -mfpu=neon -mtune=cortex-a7 --sysroot=/home/muhd_azhari/sdk/sysroots/cortexa7-vfp-neon-telechips-linux-gnueabi   -O2 -pipe -g -feliminate-unused-debug-types     -o CMakeFiles/cmTC_e549a.dir/CheckSymbolExists.c.o   -c /home/muhd_azhari/azhari_task/PowerProcessorIPC/variant/variant_changer/build/CMakeFiles/CMakeTmp/CheckSymbolExists.c
Linking C executable cmTC_e549a
/usr/bin/cmake -E cmake_link_script CMakeFiles/cmTC_e549a.dir/link.txt --verbose=1
/home/muhd_azhari/sdk/sysroots/x86_64-oesdk-linux/usr/bin/arm-telechips-linux-gnueabi/arm-telechips-linux-gnueabi-gcc   -march=armv7-a -mfloat-abi=softfp -mfpu=neon -mtune=cortex-a7 --sysroot=/home/muhd_azhari/sdk/sysroots/cortexa7-vfp-neon-telechips-linux-gnueabi  -O2 -pipe -g -feliminate-unused-debug-types     -Wl,-O1 -Wl,--hash-style=gnu -Wl,--as-needed  CMakeFiles/cmTC_e549a.dir/CheckSymbolExists.c.o  -o cmTC_e549a -rdynamic 
CMakeFiles/cmTC_e549a.dir/CheckSymbolExists.c.o: In function `main':
/home/muhd_azhari/azhari_task/PowerProcessorIPC/variant/variant_changer/build/CMakeFiles/CMakeTmp/CheckSymbolExists.c:8: undefined reference to `pthread_create'
/home/muhd_azhari/azhari_task/PowerProcessorIPC/variant/variant_changer/build/CMakeFiles/CMakeTmp/CheckSymbolExists.c:8: undefined reference to `pthread_create'
collect2: error: ld returned 1 exit status
CMakeFiles/cmTC_e549a.dir/build.make:97: recipe for target 'cmTC_e549a' failed
make[1]: *** [cmTC_e549a] Error 1
make[1]: Leaving directory '/home/muhd_azhari/azhari_task/PowerProcessorIPC/variant/variant_changer/build/CMakeFiles/CMakeTmp'
Makefile:126: recipe for target 'cmTC_e549a/fast' failed
make: *** [cmTC_e549a/fast] Error 2

File /home/muhd_azhari/azhari_task/PowerProcessorIPC/variant/variant_changer/build/CMakeFiles/CMakeTmp/CheckSymbolExists.c:
/* */
#include <pthread.h>

int main(int argc, char** argv)
{
  (void)argv;
#ifndef pthread_create
  return ((int*)(&pthread_create))[argc];
#else
  (void)argc;
  return 0;
#endif
}

Determining if the function pthread_create exists in the pthreads failed with the following output:
Change Dir: /home/muhd_azhari/azhari_task/PowerProcessorIPC/variant/variant_changer/build/CMakeFiles/CMakeTmp

Run Build Command:"/usr/bin/make" "cmTC_a4ff2/fast"
/usr/bin/make -f CMakeFiles/cmTC_a4ff2.dir/build.make CMakeFiles/cmTC_a4ff2.dir/build
make[1]: Entering directory '/home/muhd_azhari/azhari_task/PowerProcessorIPC/variant/variant_changer/build/CMakeFiles/CMakeTmp'
Building C object CMakeFiles/cmTC_a4ff2.dir/CheckFunctionExists.c.o
/home/muhd_azhari/sdk/sysroots/x86_64-oesdk-linux/usr/bin/arm-telechips-linux-gnueabi/arm-telechips-linux-gnueabi-gcc   -march=armv7-a -mfloat-abi=softfp -mfpu=neon -mtune=cortex-a7 --sysroot=/home/muhd_azhari/sdk/sysroots/cortexa7-vfp-neon-telechips-linux-gnueabi   -O2 -pipe -g -feliminate-unused-debug-types  -DCHECK_FUNCTION_EXISTS=pthread_create   -o CMakeFiles/cmTC_a4ff2.dir/CheckFunctionExists.c.o   -c /usr/share/cmake-3.5/Modules/CheckFunctionExists.c
Linking C executable cmTC_a4ff2
/usr/bin/cmake -E cmake_link_script CMakeFiles/cmTC_a4ff2.dir/link.txt --verbose=1
/home/muhd_azhari/sdk/sysroots/x86_64-oesdk-linux/usr/bin/arm-telechips-linux-gnueabi/arm-telechips-linux-gnueabi-gcc   -march=armv7-a -mfloat-abi=softfp -mfpu=neon -mtune=cortex-a7 --sysroot=/home/muhd_azhari/sdk/sysroots/cortexa7-vfp-neon-telechips-linux-gnueabi  -O2 -pipe -g -feliminate-unused-debug-types  -DCHECK_FUNCTION_EXISTS=pthread_create   -Wl,-O1 -Wl,--hash-style=gnu -Wl,--as-needed  CMakeFiles/cmTC_a4ff2.dir/CheckFunctionExists.c.o  -o cmTC_a4ff2 -rdynamic -lpthreads 
/home/muhd_azhari/sdk/sysroots/x86_64-oesdk-linux/usr/bin/arm-telechips-linux-gnueabi/../../libexec/arm-telechips-linux-gnueabi/gcc/arm-telechips-linux-gnueabi/4.8.1/real-ld: cannot find -lpthreads
collect2: error: ld returned 1 exit status
CMakeFiles/cmTC_a4ff2.dir/build.make:97: recipe for target 'cmTC_a4ff2' failed
make[1]: *** [cmTC_a4ff2] Error 1
make[1]: Leaving directory '/home/muhd_azhari/azhari_task/PowerProcessorIPC/variant/variant_changer/build/CMakeFiles/CMakeTmp'
Makefile:126: recipe for target 'cmTC_a4ff2/fast' failed
make: *** [cmTC_a4ff2/fast] Error 2


